#
# A fatal error has been detected by the Java Runtime Environment:
#
#  EXCEPTION_ACCESS_VIOLATION (0xc0000005) at pc=0x000001a5c8a042bd, pid=20204, tid=4540
#
# JRE version: OpenJDK Runtime Environment (11.0.11+9) (build 11.0.11+9-b60-7590822)
# Java VM: OpenJDK 64-Bit Server VM (11.0.11+9-b60-7590822, mixed mode, tiered, compressed oops, g1 gc, windows-amd64)
# Problematic frame:
# J 14459 c1 com.android.tools.r8.internal.Sb$a.hashCode()I (32 bytes) @ 0x000001a5c8a042bd [0x000001a5c8a04260+0x000000000000005d]
#
# No core dump will be written. Minidumps are not enabled by default on client versions of Windows
#
# If you would like to submit a bug report, please visit:
#   https://bugreport.java.com/bugreport/crash.jsp
#

---------------  S U M M A R Y ------------

Command Line: --add-opens=java.base/java.util=ALL-UNNAMED --add-opens=java.base/java.lang=ALL-UNNAMED --add-opens=java.base/java.lang.invoke=ALL-UNNAMED --add-opens=java.base/java.util=ALL-UNNAMED --add-opens=java.prefs/java.util.prefs=ALL-UNNAMED --add-opens=java.prefs/java.util.prefs=ALL-UNNAMED --add-opens=java.base/java.nio.charset=ALL-UNNAMED --add-opens=java.base/java.net=ALL-UNNAMED --add-opens=java.base/java.util.concurrent.atomic=ALL-UNNAMED -Xmx2048m -Dfile.encoding=UTF-8 -Duser.country=IN -Duser.language=en -Duser.variant org.gradle.launcher.daemon.bootstrap.GradleDaemon 7.0.2

Host: Intel(R) Core(TM) i5-8365U CPU @ 1.60GHz, 8 cores, 15G,  Windows 10 , 64 bit Build 22000 (10.0.22000.708)
Time: Wed Jul 13 17:11:34 2022 India Standard Time elapsed time: 3273.386366 seconds (0d 0h 54m 33s)

---------------  T H R E A D  ---------------

Current thread (0x000001a5e159d800):  JavaThread "Build operations Thread 7" [_thread_in_Java, id=4540, stack(0x00000095f4d00000,0x00000095f4e00000)]

Stack: [0x00000095f4d00000,0x00000095f4e00000],  sp=0x00000095f4dfa240,  free space=1000k
Native frames: (J=compiled Java code, j=interpreted, Vv=VM code, C=native code)
C  0x000001a5c8a042bd


siginfo: EXCEPTION_ACCESS_VIOLATION (0xc0000005), reading address 0x0000000002001b00


Register to memory mapping:

RIP=0x000001a5c8a042bd is at entry_point+93 in (nmethod*)0x000001a5c8a04090
RAX=0x0000000100ea8f30 is a pointer to class: 
com.android.tools.r8.internal.Sb$a {0x0000000100ea8f38}
RBX={method} {0x000001a5ec3d81c8} 'hashCode' '()I' in 'com/android/tools/r8/internal/Sb$a'
RCX=536883909 is a compressed pointer to class: 0x0000000100019628
java.util.HashMap {0x0000000100019630}
RDX=0x000000008eb8c9d0 is an oop: com.android.tools.r8.internal.Sb$a 
{0x000000008eb8c9d0} - klass: 'com/android/tools/r8/internal/Sb$a'
RSP=0x00000095f4dfa240 is pointing into the stack for thread: 0x000001a5e159d800
RBP=0x000000008eb8c9d0 is an oop: com.android.tools.r8.internal.Sb$a 
{0x000000008eb8c9d0} - klass: 'com/android/tools/r8/internal/Sb$a'
RSI=0x0000000002001b00 is an unknown value
RDI=0x000000008eb8c9d0 is an oop: com.android.tools.r8.internal.Sb$a 
{0x000000008eb8c9d0} - klass: 'com/android/tools/r8/internal/Sb$a'
R8 =0x000000008eb8c8d8 is an oop: com.android.tools.r8.graph.X 
{0x000000008eb8c8d8} - klass: 'com/android/tools/r8/graph/X'
R9 ={method} {0x000001a5dcfe0790} 'hashCode' '()I' in 'java/lang/Object'
R10=0x000000008eb8c9d0 is an oop: com.android.tools.r8.internal.Sb$a 
{0x000000008eb8c9d0} - klass: 'com/android/tools/r8/internal/Sb$a'
R11={method} {0x000001a5ec3d81c8} 'hashCode' '()I' in 'com/android/tools/r8/internal/Sb$a'
R12=0x0 is NULL
R13=0x00000095f4dfa320 is pointing into the stack for thread: 0x000001a5e159d800
R14=0x0000000100018e68 is a pointer to class: 
java.util.HashSet {0x0000000100018e70}
R15=0x000001a5e159d800 is a thread


Registers:
RAX=0x0000000100ea8f30, RBX=0x000001a5ec3d81c0, RCX=0x00000000200032c5, RDX=0x000000008eb8c9d0
RSP=0x00000095f4dfa240, RBP=0x000000008eb8c9d0, RSI=0x0000000002001b00, RDI=0x000000008eb8c9d0
R8 =0x000000008eb8c8d8, R9 =0x000001a5dcfe0788, R10=0x000000008eb8c9d0, R11=0x000001a5ec3d81c0
R12=0x0000000000000000, R13=0x00000095f4dfa320, R14=0x0000000100018e68, R15=0x000001a5e159d800
RIP=0x000001a5c8a042bd, EFLAGS=0x0000000000010202

Top of Stack: (sp=0x00000095f4dfa240)
0x00000095f4dfa240:   0000000000000000 000000008eb8c9d0
0x00000095f4dfa250:   00000095f4dfa378 000001a5c8a02f5d
0x00000095f4dfa260:   000000008eb8c9d0 000000008eb8c980
0x00000095f4dfa270:   000000008eb8c9d0 000001a5ceaa6bf4
0x00000095f4dfa280:   00000095f4dfa280 000001a5ecc57d88
0x00000095f4dfa290:   00000095f4dfa320 000001a5ec40d0b0
0x00000095f4dfa2a0:   000001a58eb8c9d0 000000008eb8b750
0x00000095f4dfa2b0:   000001a5ecc57e18 0000000000000000
0x00000095f4dfa2c0:   00000095f4dfa2d8 0000000087b3d698
0x00000095f4dfa2d0:   00000095f4dfa2d0 000001a5ec3b8528
0x00000095f4dfa2e0:   00000095f4dfa320 000001a5ec4148d0
0x00000095f4dfa2f0:   0000000000000000 0000000087b3d308
0x00000095f4dfa300:   00000095f4dfa378 000001a5c66298d5
0x00000095f4dfa310:   00000095f4dfa378 000001a5c66298d5
0x00000095f4dfa320:   000000008eb8c9d0 000000008eb8b740
0x00000095f4dfa330:   00000095f4dfa330 000001a5ec39b07e 

Instructions: (pc=0x000001a5c8a042bd)
0x000001a5c8a041bd:   04 00 00 00 00 00 00 48 04 00 00 98 04 00 00 a0
0x000001a5c8a041cd:   04 00 00 a0 04 00 00 b0 04 00 00 20 00 00 00 7b
0x000001a5c8a041dd:   38 00 00 03 00 00 00 00 00 00 00 00 00 00 00 02
0x000001a5c8a041ed:   00 00 00 00 00 00 00 00 00 00 00 dc 01 00 00 ff
0x000001a5c8a041fd:   ff ff ff ff ff ff ff 00 00 00 00 0b 60 21 c0 37
0x000001a5c8a0420d:   c0 24 c0 36 c0 1e c0 0a f0 9c 24 17 b0 04 c0 17
0x000001a5c8a0421d:   64 0a 64 35 64 18 00 01 f8 93 fe 05 50 00 c0 0a
0x000001a5c8a0422d:   64 05 64 03 f8 44 aa 48 a2 ff 7f 05 70 0e 60 01
0x000001a5c8a0423d:   f8 2e ff 0e 90 0c 64 00 00 00 00 00 00 00 00 00
0x000001a5c8a0424d:   00 00 00 00 00 00 00 00 00 00 00 00 00 00 00 00
0x000001a5c8a0425d:   00 00 00 44 8b 52 08 49 c1 e2 03 4c 3b d0 0f 85
0x000001a5c8a0426d:   0f 19 c4 fd 66 66 66 0f 1f 84 00 00 00 00 00 66
0x000001a5c8a0427d:   66 66 90 89 84 24 00 90 ff ff 55 48 83 ec 30 49
0x000001a5c8a0428d:   b8 58 0a 43 ec a5 01 00 00 41 8b b0 04 01 00 00
0x000001a5c8a0429d:   83 c6 08 41 89 b0 04 01 00 00 81 e6 f8 1f 00 00
0x000001a5c8a042ad:   83 fe 00 0f 84 3c 01 00 00 8b 72 4c 44 8b 42 10
0x000001a5c8a042bd:   48 3b 06 48 8b d6 48 bf 58 0a 43 ec a5 01 00 00
0x000001a5c8a042cd:   48 83 87 40 01 00 00 01 8b 56 08 48 c1 e2 03 48
0x000001a5c8a042dd:   8b 52 70 48 8b 12 49 83 f8 00 48 ba 58 0a 43 ec
0x000001a5c8a042ed:   a5 01 00 00 48 bf 78 01 00 00 00 00 00 00 0f 85
0x000001a5c8a042fd:   0a 00 00 00 48 bf 88 01 00 00 00 00 00 00 48 8b
0x000001a5c8a0430d:   1c 3a 48 8d 5b 01 48 89 1c 3a 0f 85 1b 00 00 00
0x000001a5c8a0431d:   49 b8 58 0a 43 ec a5 01 00 00 41 ff 80 98 01 00
0x000001a5c8a0432d:   00 be 00 00 00 00 e9 a7 00 00 00 48 8b d6 48 bf
0x000001a5c8a0433d:   58 0a 43 ec a5 01 00 00 8b 52 08 48 c1 e2 03 48
0x000001a5c8a0434d:   3b 97 c0 01 00 00 75 0d 48 83 87 c8 01 00 00 01
0x000001a5c8a0435d:   e9 66 00 00 00 48 3b 97 d0 01 00 00 75 0d 48 83
0x000001a5c8a0436d:   87 d8 01 00 00 01 e9 50 00 00 00 48 81 bf c0 01
0x000001a5c8a0437d:   00 00 00 00 00 00 75 17 48 89 97 c0 01 00 00 48
0x000001a5c8a0438d:   c7 87 c8 01 00 00 01 00 00 00 e9 2c 00 00 00 48
0x000001a5c8a0439d:   81 bf d0 01 00 00 00 00 00 00 75 17 48 89 97 d0
0x000001a5c8a043ad:   01 00 00 48 c7 87 d8 01 00 00 01 00 00 00 e9 08 


Stack slot to memory mapping:
stack at sp + 0 slots: 0x0 is NULL
stack at sp + 1 slots: 0x000000008eb8c9d0 is an oop: com.android.tools.r8.internal.Sb$a 
{0x000000008eb8c9d0} - klass: 'com/android/tools/r8/internal/Sb$a'
stack at sp + 2 slots: 0x00000095f4dfa378 is pointing into the stack for thread: 0x000001a5e159d800
stack at sp + 3 slots: 0x000001a5c8a02f5d is at entry_point+765 in (nmethod*)0x000001a5c8a02a90
stack at sp + 4 slots: 0x000000008eb8c9d0 is an oop: com.android.tools.r8.internal.Sb$a 
{0x000000008eb8c9d0} - klass: 'com/android/tools/r8/internal/Sb$a'
stack at sp + 5 slots: 0x000000008eb8c980 is an oop: com.android.tools.r8.graph.P 
{0x000000008eb8c980} - klass: 'com/android/tools/r8/graph/P'
stack at sp + 6 slots: 0x000000008eb8c9d0 is an oop: com.android.tools.r8.internal.Sb$a 
{0x000000008eb8c9d0} - klass: 'com/android/tools/r8/internal/Sb$a'
stack at sp + 7 slots: 0x000001a5ceaa6bf4 is at entry_point+5076 in (nmethod*)0x000001a5ceaa5590



---------------  P R O C E S S  ---------------

Threads class SMR info:
_java_thread_list=0x000001a5e4521610, length=74, elements={
0x000001a5c2b1f000, 0x000001a5dcfdd800, 0x000001a5dd81c800, 0x000001a5dd876800,
0x000001a5dd877800, 0x000001a5dd87a800, 0x000001a5dd87f000, 0x000001a5dd881800,
0x000001a5dd88d000, 0x000001a5dd9f5800, 0x000001a5e0576800, 0x000001a5e0f9a000,
0x000001a5df2b5800, 0x000001a5e0435800, 0x000001a5e0439000, 0x000001a5e0438000,
0x000001a5e0439800, 0x000001a5e043b800, 0x000001a5e1598800, 0x000001a5e1599800,
0x000001a5e159a800, 0x000001a5e159d000, 0x000001a5e159e800, 0x000001a5e15a6000,
0x000001a5e05a5800, 0x000001a5e05a1800, 0x000001a5e05a3800, 0x000001a5e05a1000,
0x000001a5e05a2800, 0x000001a5e05a8000, 0x000001a5e3652000, 0x000001a5e365e800,
0x000001a5e15a1000, 0x000001a5e05aa000, 0x000001a5e15a1800, 0x000001a5e15a3800,
0x000001a5e05a7800, 0x000001a5e05aa800, 0x000001a5e05ae000, 0x000001a5e05ae800,
0x000001a5e3651000, 0x000001a5e3654800, 0x000001a5e3653800, 0x000001a5e3655800,
0x000001a5e3653000, 0x000001a5e3656000, 0x000001a5e3650800, 0x000001a5e3657800,
0x000001a5e3658800, 0x000001a5e365c000, 0x000001a5e365a000, 0x000001a5e365b000,
0x000001a5e3657000, 0x000001a5e365d800, 0x000001a5e1597000, 0x000001a5e15a2800,
0x000001a5e159d800, 0x000001a5e15a4000, 0x000001a5e159f800, 0x000001a5e15a0000,
0x000001a5e043c000, 0x000001a5e0436800, 0x000001a5e0437800, 0x000001a5e321b000,
0x000001a5e3218000, 0x000001a5e3219800, 0x000001a5e3217000, 0x000001a5e3215800,
0x000001a5e3218800, 0x000001a5e321a000, 0x000001a5e321c000, 0x000001a5e3216000,
0x000001a5e321d800, 0x000001a5e3222800
}

Java Threads: ( => current thread )
  0x000001a5c2b1f000 JavaThread "main" [_thread_blocked, id=17728, stack(0x00000095f1500000,0x00000095f1600000)]
  0x000001a5dcfdd800 JavaThread "Reference Handler" daemon [_thread_blocked, id=13560, stack(0x00000095f1c00000,0x00000095f1d00000)]
  0x000001a5dd81c800 JavaThread "Finalizer" daemon [_thread_blocked, id=5028, stack(0x00000095f1d00000,0x00000095f1e00000)]
  0x000001a5dd876800 JavaThread "Signal Dispatcher" daemon [_thread_blocked, id=2780, stack(0x00000095f1e00000,0x00000095f1f00000)]
  0x000001a5dd877800 JavaThread "Attach Listener" daemon [_thread_blocked, id=18380, stack(0x00000095f1f00000,0x00000095f2000000)]
  0x000001a5dd87a800 JavaThread "Service Thread" daemon [_thread_blocked, id=9812, stack(0x00000095f2000000,0x00000095f2100000)]
  0x000001a5dd87f000 JavaThread "C2 CompilerThread0" daemon [_thread_in_native, id=4316, stack(0x00000095f2100000,0x00000095f2200000)]
  0x000001a5dd881800 JavaThread "C1 CompilerThread0" daemon [_thread_blocked, id=5944, stack(0x00000095f2200000,0x00000095f2300000)]
  0x000001a5dd88d000 JavaThread "Sweeper thread" daemon [_thread_blocked, id=10396, stack(0x00000095f2300000,0x00000095f2400000)]
  0x000001a5dd9f5800 JavaThread "Common-Cleaner" daemon [_thread_blocked, id=12512, stack(0x00000095f2400000,0x00000095f2500000)]
  0x000001a5e0576800 JavaThread "Daemon health stats" [_thread_blocked, id=4060, stack(0x00000095f2d00000,0x00000095f2e00000)]
  0x000001a5e0f9a000 JavaThread "Incoming local TCP Connector on port 54226" [_thread_in_native, id=9512, stack(0x00000095f2700000,0x00000095f2800000)]
  0x000001a5df2b5800 JavaThread "Daemon periodic checks" [_thread_blocked, id=11208, stack(0x00000095f2e00000,0x00000095f2f00000)]
  0x000001a5e0435800 JavaThread "Cache worker for file hash cache (C:\Users\Dimpal Vaghela\.gradle\caches\7.0.2\fileHashes)" [_thread_blocked, id=4168, stack(0x00000095f3600000,0x00000095f3700000)]
  0x000001a5e0439000 JavaThread "File lock request listener" [_thread_in_native, id=13156, stack(0x00000095f3700000,0x00000095f3800000)]
  0x000001a5e0438000 JavaThread "Cache worker for journal cache (C:\Users\Dimpal Vaghela\.gradle\caches\journal-1)" [_thread_blocked, id=4632, stack(0x00000095f3b00000,0x00000095f3c00000)]
  0x000001a5e0439800 JavaThread "File watcher server" daemon [_thread_in_native, id=4572, stack(0x00000095f3d00000,0x00000095f3e00000)]
  0x000001a5e043b800 JavaThread "File watcher consumer" daemon [_thread_blocked, id=20112, stack(0x00000095f3e00000,0x00000095f3f00000)]
  0x000001a5e1598800 JavaThread "Cache worker for execution history cache (C:\Users\Dimpal Vaghela\.gradle\caches\7.0.2\executionHistory)" [_thread_blocked, id=19756, stack(0x00000095f4300000,0x00000095f4400000)]
  0x000001a5e1599800 JavaThread "jar transforms" [_thread_blocked, id=18892, stack(0x00000095f4400000,0x00000095f4500000)]
  0x000001a5e159a800 JavaThread "Cache worker for file content cache (C:\Users\Dimpal Vaghela\.gradle\caches\7.0.2\fileContent)" [_thread_blocked, id=9840, stack(0x00000095f4500000,0x00000095f4600000)]
  0x000001a5e159d000 JavaThread "jar transforms Thread 2" [_thread_blocked, id=12576, stack(0x00000095f4600000,0x00000095f4700000)]
  0x000001a5e159e800 JavaThread "jar transforms Thread 3" [_thread_blocked, id=18384, stack(0x00000095f4800000,0x00000095f4900000)]
  0x000001a5e15a6000 JavaThread "jar transforms Thread 4" [_thread_blocked, id=18552, stack(0x00000095f5200000,0x00000095f5300000)]
  0x000001a5e05a5800 JavaThread "jar transforms Thread 5" [_thread_blocked, id=5540, stack(0x00000095f5300000,0x00000095f5400000)]
  0x000001a5e05a1800 JavaThread "jar transforms Thread 6" [_thread_blocked, id=7064, stack(0x00000095f5400000,0x00000095f5500000)]
  0x000001a5e05a3800 JavaThread "jar transforms Thread 7" [_thread_blocked, id=12032, stack(0x00000095f5500000,0x00000095f5600000)]
  0x000001a5e05a1000 JavaThread "jar transforms Thread 8" [_thread_blocked, id=16532, stack(0x00000095f5600000,0x00000095f5700000)]
  0x000001a5e05a2800 JavaThread "Memory manager" [_thread_blocked, id=10552, stack(0x00000095f5800000,0x00000095f5900000)]
  0x000001a5e05a8000 JavaThread "pool-3-thread-1" [_thread_blocked, id=6852, stack(0x00000095f5a00000,0x00000095f5b00000)]
  0x000001a5e3652000 JavaThread "Cache worker for Java compile cache (C:\Users\Dimpal Vaghela\.gradle\caches\7.0.2\javaCompile)" [_thread_blocked, id=19616, stack(0x00000095f6400000,0x00000095f6500000)]
  0x000001a5e365e800 JavaThread "ForkJoinPool.commonPool-worker-9" daemon [_thread_blocked, id=12756, stack(0x00000095f7100000,0x00000095f7200000)]
  0x000001a5e15a1000 JavaThread "pool-7-thread-1" [_thread_blocked, id=19440, stack(0x00000095f5e00000,0x00000095f5f00000)]
  0x000001a5e05aa000 JavaThread "pool-10-thread-1" [_thread_blocked, id=18828, stack(0x00000095f4f00000,0x00000095f5000000)]
  0x000001a5e15a1800 JavaThread "pool-13-thread-1" [_thread_blocked, id=4356, stack(0x00000095f5c00000,0x00000095f5d00000)]
  0x000001a5e15a3800 JavaThread "pool-16-thread-1" [_thread_blocked, id=8356, stack(0x00000095f5000000,0x00000095f5100000)]
  0x000001a5e05a7800 JavaThread "Daemon Thread 4" [_thread_blocked, id=1564, stack(0x00000095f1200000,0x00000095f1300000)]
  0x000001a5e05aa800 JavaThread "Handler for socket connection from /127.0.0.1:54226 to /127.0.0.1:56596" [_thread_in_native, id=15332, stack(0x00000095f1300000,0x00000095f1400000)]
  0x000001a5e05ae000 JavaThread "Cancel handler" [_thread_blocked, id=13016, stack(0x00000095f1400000,0x00000095f1500000)]
  0x000001a5e05ae800 JavaThread "Daemon worker Thread 4" [_thread_blocked, id=6060, stack(0x00000095f2600000,0x00000095f2700000)]
  0x000001a5e3651000 JavaThread "Asynchronous log dispatcher for DefaultDaemonConnection: socket connection from /127.0.0.1:54226 to /127.0.0.1:56596" [_thread_in_native, id=2956, stack(0x00000095f2f00000,0x00000095f3000000)]
  0x000001a5e3654800 JavaThread "Stdin handler" [_thread_blocked, id=7008, stack(0x00000095f3000000,0x00000095f3100000)]
  0x000001a5e3653800 JavaThread "Daemon client event forwarder" [_thread_blocked, id=16948, stack(0x00000095f3100000,0x00000095f3200000)]
  0x000001a5e3655800 JavaThread "Cache worker for file hash cache (D:\Dimpal\FEproblem1\.gradle\7.0.2\fileHashes)" [_thread_blocked, id=18160, stack(0x00000095f3200000,0x00000095f3300000)]
  0x000001a5e3653000 JavaThread "Cache worker for checksums cache (D:\Dimpal\FEproblem1\.gradle\checksums)" [_thread_blocked, id=12524, stack(0x00000095f3300000,0x00000095f3400000)]
  0x000001a5e3656000 JavaThread "Cache worker for cache directory md-supplier (C:\Users\Dimpal Vaghela\.gradle\caches\7.0.2\md-supplier)" [_thread_blocked, id=12980, stack(0x00000095f3400000,0x00000095f3500000)]
  0x000001a5e3650800 JavaThread "Cache worker for cache directory md-rule (C:\Users\Dimpal Vaghela\.gradle\caches\7.0.2\md-rule)" [_thread_blocked, id=6800, stack(0x00000095f3500000,0x00000095f3600000)]
  0x000001a5e3657800 JavaThread "Cache worker for dependencies-accessors (D:\Dimpal\FEproblem1\.gradle\7.0.2\dependencies-accessors)" [_thread_blocked, id=7196, stack(0x00000095f3c00000,0x00000095f3d00000)]
  0x000001a5e3658800 JavaThread "Cache worker for Build Output Cleanup Cache (D:\Dimpal\FEproblem1\.gradle\buildOutputCleanup)" [_thread_blocked, id=6220, stack(0x00000095f3f00000,0x00000095f4000000)]
  0x000001a5e365c000 JavaThread "C2 CompilerThread1" daemon [_thread_in_native, id=2420, stack(0x00000095f4000000,0x00000095f4100000)]
  0x000001a5e365a000 JavaThread "Build operations" [_thread_blocked, id=13152, stack(0x00000095f4200000,0x00000095f4300000)]
  0x000001a5e365b000 JavaThread "Build operations Thread 2" [_thread_blocked, id=12124, stack(0x00000095f4700000,0x00000095f4800000)]
  0x000001a5e3657000 JavaThread "Build operations Thread 3" [_thread_blocked, id=4604, stack(0x00000095f4900000,0x00000095f4a00000)]
  0x000001a5e365d800 JavaThread "Build operations Thread 4" [_thread_blocked, id=1636, stack(0x00000095f4a00000,0x00000095f4b00000)]
  0x000001a5e1597000 JavaThread "Build operations Thread 5" [_thread_blocked, id=2696, stack(0x00000095f4b00000,0x00000095f4c00000)]
  0x000001a5e15a2800 JavaThread "Build operations Thread 6" [_thread_blocked, id=13780, stack(0x00000095f4c00000,0x00000095f4d00000)]
=>0x000001a5e159d800 JavaThread "Build operations Thread 7" [_thread_in_Java, id=4540, stack(0x00000095f4d00000,0x00000095f4e00000)]
  0x000001a5e15a4000 JavaThread "Build operations Thread 8" [_thread_blocked, id=6368, stack(0x00000095f4e00000,0x00000095f4f00000)]
  0x000001a5e159f800 JavaThread "build event listener" [_thread_blocked, id=17596, stack(0x00000095f5100000,0x00000095f5200000)]
  0x000001a5e15a0000 JavaThread "pool-19-thread-1" [_thread_blocked, id=11388, stack(0x00000095f5900000,0x00000095f5a00000)]
  0x000001a5e043c000 JavaThread "build event listener" [_thread_blocked, id=4196, stack(0x00000095f5b00000,0x00000095f5c00000)]
  0x000001a5e0436800 JavaThread "Execution worker for ':'" [_thread_blocked, id=7236, stack(0x00000095f5d00000,0x00000095f5e00000)]
  0x000001a5e0437800 JavaThread "Execution worker for ':' Thread 2" [_thread_blocked, id=9632, stack(0x00000095f5f00000,0x00000095f6000000)]
  0x000001a5e321b000 JavaThread "Execution worker for ':' Thread 3" [_thread_blocked, id=5568, stack(0x00000095f6000000,0x00000095f6100000)]
  0x000001a5e3218000 JavaThread "Execution worker for ':' Thread 4" [_thread_blocked, id=19880, stack(0x00000095f6100000,0x00000095f6200000)]
  0x000001a5e3219800 JavaThread "Execution worker for ':' Thread 5" [_thread_in_Java, id=4560, stack(0x00000095f6200000,0x00000095f6300000)]
  0x000001a5e3217000 JavaThread "Execution worker for ':' Thread 6" [_thread_blocked, id=5592, stack(0x00000095f6300000,0x00000095f6400000)]
  0x000001a5e3215800 JavaThread "Execution worker for ':' Thread 7" [_thread_blocked, id=10516, stack(0x00000095f6500000,0x00000095f6600000)]
  0x000001a5e3218800 JavaThread "Cache worker for execution history cache (D:\Dimpal\FEproblem1\.gradle\7.0.2\executionHistory)" [_thread_blocked, id=19344, stack(0x00000095f6600000,0x00000095f6700000)]
  0x000001a5e321a000 JavaThread "WorkerExecutor Queue" [_thread_blocked, id=11976, stack(0x00000095f6700000,0x00000095f6800000)]
  0x000001a5e321c000 JavaThread "WorkerExecutor Queue Thread 2" [_thread_blocked, id=10132, stack(0x00000095f6800000,0x00000095f6900000)]
  0x000001a5e3216000 JavaThread "WorkerExecutor Queue Thread 3" [_thread_blocked, id=17548, stack(0x00000095f6900000,0x00000095f6a00000)]
  0x000001a5e321d800 JavaThread "C2 CompilerThread2" daemon [_thread_in_native, id=7412, stack(0x00000095f4100000,0x00000095f4200000)]
  0x000001a5e3222800 JavaThread "WorkerExecutor Queue Thread 4" [_thread_blocked, id=7660, stack(0x00000095f6a00000,0x00000095f6b00000)]

Other Threads:
  0x000001a5dcfdb800 VMThread "VM Thread" [stack: 0x00000095f1b00000,0x00000095f1c00000] [id=5388]
  0x000001a5dda1b800 WatcherThread [stack: 0x00000095f2500000,0x00000095f2600000] [id=2300]
  0x000001a5c2b36000 GCTaskThread "GC Thread#0" [stack: 0x00000095f1600000,0x00000095f1700000] [id=2000]
  0x000001a5de398000 GCTaskThread "GC Thread#1" [stack: 0x00000095f2800000,0x00000095f2900000] [id=2120]
  0x000001a5de506800 GCTaskThread "GC Thread#2" [stack: 0x00000095f2900000,0x00000095f2a00000] [id=19036]
  0x000001a5de529000 GCTaskThread "GC Thread#3" [stack: 0x00000095f2a00000,0x00000095f2b00000] [id=10096]
  0x000001a5de52a000 GCTaskThread "GC Thread#4" [stack: 0x00000095f2b00000,0x00000095f2c00000] [id=6948]
  0x000001a5de81d800 GCTaskThread "GC Thread#5" [stack: 0x00000095f2c00000,0x00000095f2d00000] [id=20364]
  0x000001a5dfc44800 GCTaskThread "GC Thread#6" [stack: 0x00000095f3800000,0x00000095f3900000] [id=15540]
  0x000001a5dfc4f000 GCTaskThread "GC Thread#7" [stack: 0x00000095f3900000,0x00000095f3a00000] [id=6644]
  0x000001a5c2b6b800 ConcurrentGCThread "G1 Main Marker" [stack: 0x00000095f1700000,0x00000095f1800000] [id=9220]
  0x000001a5c2b6d800 ConcurrentGCThread "G1 Conc#0" [stack: 0x00000095f1800000,0x00000095f1900000] [id=5888]
  0x000001a5e0ec9000 ConcurrentGCThread "G1 Conc#1" [stack: 0x00000095f3a00000,0x00000095f3b00000] [id=3100]
  0x000001a5dce5f800 ConcurrentGCThread "G1 Refine#0" [stack: 0x00000095f1900000,0x00000095f1a00000] [id=19680]
  0x000001a5e2eb1800 ConcurrentGCThread "G1 Refine#1" [stack: 0x00000095f5700000,0x00000095f5800000] [id=15252]
  0x000001a5dce60000 ConcurrentGCThread "G1 Young RemSet Sampling" [stack: 0x00000095f1a00000,0x00000095f1b00000] [id=7832]

Threads with active compile tasks:
C2 CompilerThread03273420 27675       4       org.objectweb.asm.ClassReader::accept (1404 bytes)
C2 CompilerThread13273420 27724   !   4       com.android.tools.r8.graph.c0::L (91 bytes)
C2 CompilerThread23273420 27688       4       org.objectweb.asm.ClassReader::readCode (5109 bytes)

VM state:not at safepoint (normal execution)

VM Mutex/Monitor currently owned by a thread: None

Heap address: 0x0000000080000000, size: 2048 MB, Compressed Oops mode: 32-bit
Narrow klass base: 0x0000000000000000, Narrow klass shift: 3
Compressed class space size: 1073741824 Address: 0x0000000100000000

Heap:
 garbage-first heap   total 260096K, used 192416K [0x0000000080000000, 0x0000000100000000)
  region size 1024K, 27 young (27648K), 1 survivors (1024K)
 Metaspace       used 158835K, capacity 163665K, committed 163916K, reserved 1191936K
  class space    used 19806K, capacity 21513K, committed 21580K, reserved 1048576K
Heap Regions: E=young(eden), S=young(survivor), O=old, HS=humongous(starts), HC=humongous(continues), CS=collection set, F=free, A=archive, TAMS=top-at-mark-start (previous, next)
|   0|0x0000000080000000, 0x0000000080100000, 0x0000000080100000|100%| O|  |TAMS 0x0000000080100000, 0x0000000080100000| Untracked 
|   1|0x0000000080100000, 0x0000000080200000, 0x0000000080200000|100%| O|  |TAMS 0x0000000080200000, 0x0000000080200000| Untracked 
|   2|0x0000000080200000, 0x0000000080300000, 0x0000000080300000|100%| O|  |TAMS 0x0000000080300000, 0x0000000080300000| Untracked 
|   3|0x0000000080300000, 0x0000000080400000, 0x0000000080400000|100%|HS|  |TAMS 0x0000000080400000, 0x0000000080400000| Complete 
|   4|0x0000000080400000, 0x0000000080500000, 0x0000000080500000|100%|HC|  |TAMS 0x0000000080500000, 0x0000000080500000| Complete 
|   5|0x0000000080500000, 0x0000000080600000, 0x0000000080600000|100%|HC|  |TAMS 0x0000000080600000, 0x0000000080600000| Complete 
|   6|0x0000000080600000, 0x0000000080700000, 0x0000000080700000|100%| O|  |TAMS 0x0000000080700000, 0x0000000080700000| Untracked 
|   7|0x0000000080700000, 0x0000000080800000, 0x0000000080800000|100%| O|  |TAMS 0x0000000080800000, 0x0000000080800000| Untracked 
|   8|0x0000000080800000, 0x0000000080900000, 0x0000000080900000|100%| O|  |TAMS 0x0000000080900000, 0x0000000080900000| Untracked 
|   9|0x0000000080900000, 0x0000000080a00000, 0x0000000080a00000|100%| O|  |TAMS 0x0000000080a00000, 0x0000000080a00000| Untracked 
|  10|0x0000000080a00000, 0x0000000080b00000, 0x0000000080b00000|100%| O|  |TAMS 0x0000000080b00000, 0x0000000080b00000| Untracked 
|  11|0x0000000080b00000, 0x0000000080c00000, 0x0000000080c00000|100%| O|  |TAMS 0x0000000080c00000, 0x0000000080c00000| Untracked 
|  12|0x0000000080c00000, 0x0000000080d00000, 0x0000000080d00000|100%| O|  |TAMS 0x0000000080d00000, 0x0000000080d00000| Untracked 
|  13|0x0000000080d00000, 0x0000000080e00000, 0x0000000080e00000|100%| O|  |TAMS 0x0000000080e00000, 0x0000000080e00000| Untracked 
|  14|0x0000000080e00000, 0x0000000080f00000, 0x0000000080f00000|100%| O|  |TAMS 0x0000000080f00000, 0x0000000080f00000| Untracked 
|  15|0x0000000080f00000, 0x0000000081000000, 0x0000000081000000|100%| O|  |TAMS 0x0000000081000000, 0x0000000081000000| Untracked 
|  16|0x0000000081000000, 0x0000000081100000, 0x0000000081100000|100%|HS|  |TAMS 0x0000000081100000, 0x0000000081100000| Complete 
|  17|0x0000000081100000, 0x0000000081200000, 0x0000000081200000|100%|HS|  |TAMS 0x0000000081200000, 0x0000000081200000| Complete 
|  18|0x0000000081200000, 0x0000000081300000, 0x0000000081300000|100%|HS|  |TAMS 0x0000000081300000, 0x0000000081300000| Complete 
|  19|0x0000000081300000, 0x0000000081400000, 0x0000000081400000|100%|HS|  |TAMS 0x0000000081400000, 0x0000000081400000| Complete 
|  20|0x0000000081400000, 0x0000000081500000, 0x0000000081500000|100%|HC|  |TAMS 0x0000000081500000, 0x0000000081500000| Complete 
|  21|0x0000000081500000, 0x0000000081600000, 0x0000000081600000|100%|HC|  |TAMS 0x0000000081600000, 0x0000000081600000| Complete 
|  22|0x0000000081600000, 0x0000000081700000, 0x0000000081700000|100%|HS|  |TAMS 0x0000000081700000, 0x0000000081700000| Complete 
|  23|0x0000000081700000, 0x0000000081800000, 0x0000000081800000|100%|HC|  |TAMS 0x0000000081800000, 0x0000000081800000| Complete 
|  24|0x0000000081800000, 0x0000000081900000, 0x0000000081900000|100%| O|  |TAMS 0x0000000081900000, 0x0000000081900000| Untracked 
|  25|0x0000000081900000, 0x0000000081a00000, 0x0000000081a00000|100%| O|  |TAMS 0x0000000081a00000, 0x0000000081a00000| Untracked 
|  26|0x0000000081a00000, 0x0000000081b00000, 0x0000000081b00000|100%| O|  |TAMS 0x0000000081b00000, 0x0000000081b00000| Untracked 
|  27|0x0000000081b00000, 0x0000000081c00000, 0x0000000081c00000|100%| O|  |TAMS 0x0000000081c00000, 0x0000000081c00000| Untracked 
|  28|0x0000000081c00000, 0x0000000081d00000, 0x0000000081d00000|100%| O|  |TAMS 0x0000000081d00000, 0x0000000081d00000| Untracked 
|  29|0x0000000081d00000, 0x0000000081e00000, 0x0000000081e00000|100%| O|  |TAMS 0x0000000081e00000, 0x0000000081e00000| Untracked 
|  30|0x0000000081e00000, 0x0000000081f00000, 0x0000000081f00000|100%| O|  |TAMS 0x0000000081f00000, 0x0000000081f00000| Untracked 
|  31|0x0000000081f00000, 0x0000000082000000, 0x0000000082000000|100%| O|  |TAMS 0x0000000082000000, 0x0000000082000000| Untracked 
|  32|0x0000000082000000, 0x0000000082100000, 0x0000000082100000|100%| O|  |TAMS 0x0000000082100000, 0x0000000082100000| Untracked 
|  33|0x0000000082100000, 0x0000000082200000, 0x0000000082200000|100%| O|  |TAMS 0x0000000082200000, 0x0000000082200000| Untracked 
|  34|0x0000000082200000, 0x0000000082300000, 0x0000000082300000|100%| O|  |TAMS 0x0000000082300000, 0x0000000082300000| Untracked 
|  35|0x0000000082300000, 0x0000000082400000, 0x0000000082400000|100%| O|  |TAMS 0x0000000082400000, 0x0000000082400000| Untracked 
|  36|0x0000000082400000, 0x0000000082500000, 0x0000000082500000|100%| O|  |TAMS 0x0000000082500000, 0x0000000082500000| Untracked 
|  37|0x0000000082500000, 0x0000000082600000, 0x0000000082600000|100%| O|  |TAMS 0x0000000082600000, 0x0000000082600000| Untracked 
|  38|0x0000000082600000, 0x0000000082700000, 0x0000000082700000|100%| O|  |TAMS 0x0000000082700000, 0x0000000082700000| Untracked 
|  39|0x0000000082700000, 0x0000000082800000, 0x0000000082800000|100%| O|  |TAMS 0x0000000082800000, 0x0000000082800000| Untracked 
|  40|0x0000000082800000, 0x0000000082900000, 0x0000000082900000|100%| O|  |TAMS 0x0000000082900000, 0x0000000082900000| Untracked 
|  41|0x0000000082900000, 0x0000000082a00000, 0x0000000082a00000|100%| O|  |TAMS 0x0000000082a00000, 0x0000000082a00000| Untracked 
|  42|0x0000000082a00000, 0x0000000082b00000, 0x0000000082b00000|100%| O|  |TAMS 0x0000000082b00000, 0x0000000082b00000| Untracked 
|  43|0x0000000082b00000, 0x0000000082c00000, 0x0000000082c00000|100%| O|  |TAMS 0x0000000082c00000, 0x0000000082c00000| Untracked 
|  44|0x0000000082c00000, 0x0000000082d00000, 0x0000000082d00000|100%| O|  |TAMS 0x0000000082d00000, 0x0000000082d00000| Untracked 
|  45|0x0000000082d00000, 0x0000000082e00000, 0x0000000082e00000|100%| O|  |TAMS 0x0000000082e00000, 0x0000000082e00000| Untracked 
|  46|0x0000000082e00000, 0x0000000082f00000, 0x0000000082f00000|100%| O|  |TAMS 0x0000000082f00000, 0x0000000082f00000| Untracked 
|  47|0x0000000082f00000, 0x0000000083000000, 0x0000000083000000|100%| O|  |TAMS 0x0000000083000000, 0x0000000083000000| Untracked 
|  48|0x0000000083000000, 0x0000000083100000, 0x0000000083100000|100%| O|  |TAMS 0x0000000083100000, 0x0000000083100000| Untracked 
|  49|0x0000000083100000, 0x0000000083200000, 0x0000000083200000|100%| O|  |TAMS 0x0000000083200000, 0x0000000083200000| Untracked 
|  50|0x0000000083200000, 0x0000000083300000, 0x0000000083300000|100%| O|  |TAMS 0x0000000083300000, 0x0000000083300000| Untracked 
|  51|0x0000000083300000, 0x0000000083400000, 0x0000000083400000|100%|HS|  |TAMS 0x0000000083400000, 0x0000000083400000| Complete 
|  52|0x0000000083400000, 0x0000000083500000, 0x0000000083500000|100%|HC|  |TAMS 0x0000000083500000, 0x0000000083500000| Complete 
|  53|0x0000000083500000, 0x0000000083600000, 0x0000000083600000|100%| O|  |TAMS 0x0000000083600000, 0x0000000083600000| Untracked 
|  54|0x0000000083600000, 0x0000000083700000, 0x0000000083700000|100%| O|  |TAMS 0x0000000083700000, 0x0000000083700000| Untracked 
|  55|0x0000000083700000, 0x0000000083800000, 0x0000000083800000|100%| O|  |TAMS 0x0000000083800000, 0x0000000083800000| Untracked 
|  56|0x0000000083800000, 0x0000000083900000, 0x0000000083900000|100%| O|  |TAMS 0x0000000083900000, 0x0000000083900000| Untracked 
|  57|0x0000000083900000, 0x0000000083a00000, 0x0000000083a00000|100%| O|  |TAMS 0x0000000083a00000, 0x0000000083a00000| Untracked 
|  58|0x0000000083a00000, 0x0000000083b00000, 0x0000000083b00000|100%| O|  |TAMS 0x0000000083b00000, 0x0000000083b00000| Untracked 
|  59|0x0000000083b00000, 0x0000000083c00000, 0x0000000083c00000|100%| O|  |TAMS 0x0000000083b00000, 0x0000000083c00000| Untracked 
|  60|0x0000000083c00000, 0x0000000083d00000, 0x0000000083d00000|100%| O|  |TAMS 0x0000000083d00000, 0x0000000083d00000| Untracked 
|  61|0x0000000083d00000, 0x0000000083e00000, 0x0000000083e00000|100%| O|  |TAMS 0x0000000083e00000, 0x0000000083e00000| Untracked 
|  62|0x0000000083e00000, 0x0000000083f00000, 0x0000000083f00000|100%| O|  |TAMS 0x0000000083f00000, 0x0000000083f00000| Untracked 
|  63|0x0000000083f00000, 0x0000000083f00000, 0x0000000084000000|  0%| F|  |TAMS 0x0000000083f00000, 0x0000000083f00000| Untracked 
|  64|0x0000000084000000, 0x0000000084100000, 0x0000000084100000|100%| O|  |TAMS 0x0000000084100000, 0x0000000084100000| Untracked 
|  65|0x0000000084100000, 0x0000000084200000, 0x0000000084200000|100%| O|  |TAMS 0x0000000084200000, 0x0000000084200000| Untracked 
|  66|0x0000000084200000, 0x0000000084300000, 0x0000000084300000|100%| O|  |TAMS 0x0000000084300000, 0x0000000084300000| Untracked 
|  67|0x0000000084300000, 0x0000000084400000, 0x0000000084400000|100%| O|  |TAMS 0x0000000084400000, 0x0000000084400000| Untracked 
|  68|0x0000000084400000, 0x0000000084500000, 0x0000000084500000|100%| O|  |TAMS 0x0000000084500000, 0x0000000084500000| Untracked 
|  69|0x0000000084500000, 0x0000000084600000, 0x0000000084600000|100%| O|  |TAMS 0x0000000084600000, 0x0000000084600000| Untracked 
|  70|0x0000000084600000, 0x0000000084700000, 0x0000000084700000|100%| O|  |TAMS 0x0000000084700000, 0x0000000084700000| Untracked 
|  71|0x0000000084700000, 0x0000000084800000, 0x0000000084800000|100%| O|  |TAMS 0x0000000084800000, 0x0000000084800000| Untracked 
|  72|0x0000000084800000, 0x0000000084900000, 0x0000000084900000|100%| O|  |TAMS 0x0000000084900000, 0x0000000084900000| Untracked 
|  73|0x0000000084900000, 0x0000000084a00000, 0x0000000084a00000|100%| O|  |TAMS 0x0000000084a00000, 0x0000000084a00000| Untracked 
|  74|0x0000000084a00000, 0x0000000084b00000, 0x0000000084b00000|100%| O|  |TAMS 0x0000000084b00000, 0x0000000084b00000| Untracked 
|  75|0x0000000084b00000, 0x0000000084c00000, 0x0000000084c00000|100%| O|  |TAMS 0x0000000084c00000, 0x0000000084c00000| Untracked 
|  76|0x0000000084c00000, 0x0000000084d00000, 0x0000000084d00000|100%| O|  |TAMS 0x0000000084d00000, 0x0000000084d00000| Untracked 
|  77|0x0000000084d00000, 0x0000000084e00000, 0x0000000084e00000|100%| O|  |TAMS 0x0000000084e00000, 0x0000000084e00000| Untracked 
|  78|0x0000000084e00000, 0x0000000084f00000, 0x0000000084f00000|100%| O|  |TAMS 0x0000000084e00000, 0x0000000084f00000| Untracked 
|  79|0x0000000084f00000, 0x0000000085000000, 0x0000000085000000|100%| O|  |TAMS 0x0000000085000000, 0x0000000085000000| Untracked 
|  80|0x0000000085000000, 0x0000000085100000, 0x0000000085100000|100%| O|  |TAMS 0x0000000085100000, 0x0000000085100000| Untracked 
|  81|0x0000000085100000, 0x0000000085200000, 0x0000000085200000|100%| O|  |TAMS 0x0000000085200000, 0x0000000085200000| Untracked 
|  82|0x0000000085200000, 0x0000000085300000, 0x0000000085300000|100%| O|  |TAMS 0x0000000085300000, 0x0000000085300000| Untracked 
|  83|0x0000000085300000, 0x0000000085400000, 0x0000000085400000|100%| O|  |TAMS 0x0000000085300000, 0x0000000085400000| Untracked 
|  84|0x0000000085400000, 0x0000000085500000, 0x0000000085500000|100%| O|  |TAMS 0x0000000085500000, 0x0000000085500000| Untracked 
|  85|0x0000000085500000, 0x0000000085600000, 0x0000000085600000|100%| O|  |TAMS 0x0000000085600000, 0x0000000085600000| Untracked 
|  86|0x0000000085600000, 0x0000000085700000, 0x0000000085700000|100%| O|  |TAMS 0x0000000085700000, 0x0000000085700000| Untracked 
|  87|0x0000000085700000, 0x0000000085800000, 0x0000000085800000|100%|HS|  |TAMS 0x0000000085700000, 0x0000000085700000| Complete 
|  88|0x0000000085800000, 0x0000000085900000, 0x0000000085900000|100%|HC|  |TAMS 0x0000000085800000, 0x0000000085800000| Complete 
|  89|0x0000000085900000, 0x0000000085a00000, 0x0000000085a00000|100%| O|  |TAMS 0x0000000085a00000, 0x0000000085a00000| Untracked 
|  90|0x0000000085a00000, 0x0000000085b00000, 0x0000000085b00000|100%| O|  |TAMS 0x0000000085a00000, 0x0000000085b00000| Untracked 
|  91|0x0000000085b00000, 0x0000000085bffe00, 0x0000000085c00000| 99%| O|  |TAMS 0x0000000085b00000, 0x0000000085bffe00| Untracked 
|  92|0x0000000085c00000, 0x0000000085d00000, 0x0000000085d00000|100%| O|  |TAMS 0x0000000085d00000, 0x0000000085d00000| Untracked 
|  93|0x0000000085d00000, 0x0000000085e00000, 0x0000000085e00000|100%|HS|  |TAMS 0x0000000085e00000, 0x0000000085e00000| Complete 
|  94|0x0000000085e00000, 0x0000000085f00000, 0x0000000085f00000|100%|HC|  |TAMS 0x0000000085f00000, 0x0000000085f00000| Complete 
|  95|0x0000000085f00000, 0x0000000086000000, 0x0000000086000000|100%|HC|  |TAMS 0x0000000086000000, 0x0000000086000000| Complete 
|  96|0x0000000086000000, 0x0000000086100000, 0x0000000086100000|100%|HC|  |TAMS 0x0000000086100000, 0x0000000086100000| Complete 
|  97|0x0000000086100000, 0x0000000086200000, 0x0000000086200000|100%| O|  |TAMS 0x0000000086200000, 0x0000000086200000| Untracked 
|  98|0x0000000086200000, 0x0000000086300000, 0x0000000086300000|100%| O|  |TAMS 0x0000000086300000, 0x0000000086300000| Untracked 
|  99|0x0000000086300000, 0x0000000086400000, 0x0000000086400000|100%| O|  |TAMS 0x0000000086400000, 0x0000000086400000| Untracked 
| 100|0x0000000086400000, 0x0000000086500000, 0x0000000086500000|100%| O|  |TAMS 0x0000000086500000, 0x0000000086500000| Untracked 
| 101|0x0000000086500000, 0x0000000086600000, 0x0000000086600000|100%| O|  |TAMS 0x0000000086600000, 0x0000000086600000| Untracked 
| 102|0x0000000086600000, 0x0000000086700000, 0x0000000086700000|100%| O|  |TAMS 0x0000000086700000, 0x0000000086700000| Untracked 
| 103|0x0000000086700000, 0x0000000086700000, 0x0000000086800000|  0%| F|  |TAMS 0x0000000086700000, 0x0000000086700000| Untracked 
| 104|0x0000000086800000, 0x0000000086900000, 0x0000000086900000|100%|HS|  |TAMS 0x0000000086900000, 0x0000000086900000| Complete 
| 105|0x0000000086900000, 0x0000000086a00000, 0x0000000086a00000|100%|HC|  |TAMS 0x0000000086a00000, 0x0000000086a00000| Complete 
| 106|0x0000000086a00000, 0x0000000086b00000, 0x0000000086b00000|100%|HC|  |TAMS 0x0000000086b00000, 0x0000000086b00000| Complete 
| 107|0x0000000086b00000, 0x0000000086c00000, 0x0000000086c00000|100%| O|  |TAMS 0x0000000086c00000, 0x0000000086c00000| Untracked 
| 108|0x0000000086c00000, 0x0000000086d00000, 0x0000000086d00000|100%|HS|  |TAMS 0x0000000086d00000, 0x0000000086d00000| Complete 
| 109|0x0000000086d00000, 0x0000000086e00000, 0x0000000086e00000|100%|HC|  |TAMS 0x0000000086e00000, 0x0000000086e00000| Complete 
| 110|0x0000000086e00000, 0x0000000086f00000, 0x0000000086f00000|100%| O|  |TAMS 0x0000000086f00000, 0x0000000086f00000| Untracked 
| 111|0x0000000086f00000, 0x0000000087000000, 0x0000000087000000|100%| O|  |TAMS 0x0000000087000000, 0x0000000087000000| Untracked 
| 112|0x0000000087000000, 0x0000000087100000, 0x0000000087100000|100%| O|  |TAMS 0x0000000087100000, 0x0000000087100000| Untracked 
| 113|0x0000000087100000, 0x0000000087200000, 0x0000000087200000|100%| O|  |TAMS 0x0000000087200000, 0x0000000087200000| Untracked 
| 114|0x0000000087200000, 0x0000000087300000, 0x0000000087300000|100%| O|  |TAMS 0x0000000087300000, 0x0000000087300000| Untracked 
| 115|0x0000000087300000, 0x0000000087400000, 0x0000000087400000|100%| O|  |TAMS 0x0000000087400000, 0x0000000087400000| Untracked 
| 116|0x0000000087400000, 0x0000000087500000, 0x0000000087500000|100%| O|  |TAMS 0x0000000087500000, 0x0000000087500000| Untracked 
| 117|0x0000000087500000, 0x0000000087600000, 0x0000000087600000|100%| O|  |TAMS 0x0000000087600000, 0x0000000087600000| Untracked 
| 118|0x0000000087600000, 0x0000000087700000, 0x0000000087700000|100%| O|  |TAMS 0x0000000087700000, 0x0000000087700000| Untracked 
| 119|0x0000000087700000, 0x0000000087800000, 0x0000000087800000|100%| O|  |TAMS 0x0000000087800000, 0x0000000087800000| Untracked 
| 120|0x0000000087800000, 0x0000000087800000, 0x0000000087900000|  0%| F|  |TAMS 0x0000000087800000, 0x0000000087800000| Untracked 
| 121|0x0000000087900000, 0x0000000087a00000, 0x0000000087a00000|100%| O|  |TAMS 0x0000000087a00000, 0x0000000087a00000| Untracked 
| 122|0x0000000087a00000, 0x0000000087b00000, 0x0000000087b00000|100%| O|  |TAMS 0x0000000087b00000, 0x0000000087b00000| Untracked 
| 123|0x0000000087b00000, 0x0000000087c00000, 0x0000000087c00000|100%| O|  |TAMS 0x0000000087c00000, 0x0000000087c00000| Untracked 
| 124|0x0000000087c00000, 0x0000000087d00000, 0x0000000087d00000|100%| O|  |TAMS 0x0000000087d00000, 0x0000000087d00000| Untracked 
| 125|0x0000000087d00000, 0x0000000087e00000, 0x0000000087e00000|100%|HS|  |TAMS 0x0000000087e00000, 0x0000000087e00000| Complete 
| 126|0x0000000087e00000, 0x0000000087f00000, 0x0000000087f00000|100%|HC|  |TAMS 0x0000000087f00000, 0x0000000087f00000| Complete 
| 127|0x0000000087f00000, 0x0000000088000000, 0x0000000088000000|100%|HC|  |TAMS 0x0000000088000000, 0x0000000088000000| Complete 
| 128|0x0000000088000000, 0x0000000088100000, 0x0000000088100000|100%|HC|  |TAMS 0x0000000088100000, 0x0000000088100000| Complete 
| 129|0x0000000088100000, 0x0000000088200000, 0x0000000088200000|100%| O|  |TAMS 0x0000000088200000, 0x0000000088200000| Untracked 
| 130|0x0000000088200000, 0x0000000088300000, 0x0000000088300000|100%| O|  |TAMS 0x0000000088300000, 0x0000000088300000| Untracked 
| 131|0x0000000088300000, 0x0000000088400000, 0x0000000088400000|100%| O|  |TAMS 0x0000000088400000, 0x0000000088400000| Untracked 
| 132|0x0000000088400000, 0x0000000088500000, 0x0000000088500000|100%| O|  |TAMS 0x0000000088500000, 0x0000000088500000| Untracked 
| 133|0x0000000088500000, 0x0000000088600000, 0x0000000088600000|100%|HS|  |TAMS 0x0000000088600000, 0x0000000088600000| Complete 
| 134|0x0000000088600000, 0x0000000088700000, 0x0000000088700000|100%|HC|  |TAMS 0x0000000088700000, 0x0000000088700000| Complete 
| 135|0x0000000088700000, 0x0000000088800000, 0x0000000088800000|100%|HC|  |TAMS 0x0000000088800000, 0x0000000088800000| Complete 
| 136|0x0000000088800000, 0x0000000088900000, 0x0000000088900000|100%|HS|  |TAMS 0x0000000088900000, 0x0000000088900000| Complete 
| 137|0x0000000088900000, 0x0000000088a00000, 0x0000000088a00000|100%|HC|  |TAMS 0x0000000088a00000, 0x0000000088a00000| Complete 
| 138|0x0000000088a00000, 0x0000000088b00000, 0x0000000088b00000|100%|HC|  |TAMS 0x0000000088b00000, 0x0000000088b00000| Complete 
| 139|0x0000000088b00000, 0x0000000088c00000, 0x0000000088c00000|100%|HC|  |TAMS 0x0000000088c00000, 0x0000000088c00000| Complete 
| 140|0x0000000088c00000, 0x0000000088d00000, 0x0000000088d00000|100%| O|  |TAMS 0x0000000088d00000, 0x0000000088d00000| Untracked 
| 141|0x0000000088d00000, 0x0000000088e00000, 0x0000000088e00000|100%| O|  |TAMS 0x0000000088e00000, 0x0000000088e00000| Untracked 
| 142|0x0000000088e00000, 0x0000000088f00000, 0x0000000088f00000|100%| O|  |TAMS 0x0000000088f00000, 0x0000000088f00000| Untracked 
| 143|0x0000000088f00000, 0x0000000088f00000, 0x0000000089000000|  0%| F|  |TAMS 0x0000000088f00000, 0x0000000088f00000| Untracked 
| 144|0x0000000089000000, 0x0000000089100000, 0x0000000089100000|100%|HS|  |TAMS 0x0000000089100000, 0x0000000089100000| Complete 
| 145|0x0000000089100000, 0x0000000089200000, 0x0000000089200000|100%|HC|  |TAMS 0x0000000089200000, 0x0000000089200000| Complete 
| 146|0x0000000089200000, 0x0000000089300000, 0x0000000089300000|100%|HC|  |TAMS 0x0000000089300000, 0x0000000089300000| Complete 
| 147|0x0000000089300000, 0x0000000089400000, 0x0000000089400000|100%| O|  |TAMS 0x0000000089400000, 0x0000000089400000| Untracked 
| 148|0x0000000089400000, 0x0000000089500000, 0x0000000089500000|100%| O|  |TAMS 0x0000000089500000, 0x0000000089500000| Untracked 
| 149|0x0000000089500000, 0x0000000089600000, 0x0000000089600000|100%| O|  |TAMS 0x0000000089600000, 0x0000000089600000| Untracked 
| 150|0x0000000089600000, 0x0000000089700000, 0x0000000089700000|100%| O|  |TAMS 0x0000000089700000, 0x0000000089700000| Untracked 
| 151|0x0000000089700000, 0x0000000089700000, 0x0000000089800000|  0%| F|  |TAMS 0x0000000089700000, 0x0000000089700000| Untracked 
| 152|0x0000000089800000, 0x0000000089900000, 0x0000000089900000|100%| O|  |TAMS 0x0000000089900000, 0x0000000089900000| Untracked 
| 153|0x0000000089900000, 0x0000000089900000, 0x0000000089a00000|  0%| F|  |TAMS 0x0000000089900000, 0x0000000089900000| Untracked 
| 154|0x0000000089a00000, 0x0000000089a00000, 0x0000000089b00000|  0%| F|  |TAMS 0x0000000089a00000, 0x0000000089a00000| Untracked 
| 155|0x0000000089b00000, 0x0000000089b00000, 0x0000000089c00000|  0%| F|  |TAMS 0x0000000089b00000, 0x0000000089b00000| Untracked 
| 156|0x0000000089c00000, 0x0000000089c00000, 0x0000000089d00000|  0%| F|  |TAMS 0x0000000089c00000, 0x0000000089c00000| Untracked 
| 157|0x0000000089d00000, 0x0000000089d00000, 0x0000000089e00000|  0%| F|  |TAMS 0x0000000089d00000, 0x0000000089d00000| Untracked 
| 158|0x0000000089e00000, 0x0000000089e00000, 0x0000000089f00000|  0%| F|  |TAMS 0x0000000089e00000, 0x0000000089e00000| Untracked 
| 159|0x0000000089f00000, 0x0000000089f00000, 0x000000008a000000|  0%| F|  |TAMS 0x0000000089f00000, 0x0000000089f00000| Untracked 
| 160|0x000000008a000000, 0x000000008a000000, 0x000000008a100000|  0%| F|  |TAMS 0x000000008a000000, 0x000000008a000000| Untracked 
| 161|0x000000008a100000, 0x000000008a200000, 0x000000008a200000|100%| O|  |TAMS 0x000000008a200000, 0x000000008a200000| Untracked 
| 162|0x000000008a200000, 0x000000008a300000, 0x000000008a300000|100%| O|  |TAMS 0x000000008a300000, 0x000000008a300000| Untracked 
| 163|0x000000008a300000, 0x000000008a400000, 0x000000008a400000|100%| O|  |TAMS 0x000000008a400000, 0x000000008a400000| Untracked 
| 164|0x000000008a400000, 0x000000008a400000, 0x000000008a500000|  0%| F|  |TAMS 0x000000008a400000, 0x000000008a400000| Untracked 
| 165|0x000000008a500000, 0x000000008a500000, 0x000000008a600000|  0%| F|  |TAMS 0x000000008a500000, 0x000000008a500000| Untracked 
| 166|0x000000008a600000, 0x000000008a600000, 0x000000008a700000|  0%| F|  |TAMS 0x000000008a600000, 0x000000008a600000| Untracked 
| 167|0x000000008a700000, 0x000000008a700000, 0x000000008a800000|  0%| F|  |TAMS 0x000000008a700000, 0x000000008a700000| Untracked 
| 168|0x000000008a800000, 0x000000008a800000, 0x000000008a900000|  0%| F|  |TAMS 0x000000008a800000, 0x000000008a800000| Untracked 
| 169|0x000000008a900000, 0x000000008a900000, 0x000000008aa00000|  0%| F|  |TAMS 0x000000008a900000, 0x000000008a900000| Untracked 
| 170|0x000000008aa00000, 0x000000008aa00000, 0x000000008ab00000|  0%| F|  |TAMS 0x000000008aa00000, 0x000000008aa00000| Untracked 
| 171|0x000000008ab00000, 0x000000008ab00000, 0x000000008ac00000|  0%| F|  |TAMS 0x000000008ab00000, 0x000000008ab00000| Untracked 
| 172|0x000000008ac00000, 0x000000008ac00000, 0x000000008ad00000|  0%| F|  |TAMS 0x000000008ac00000, 0x000000008ac00000| Untracked 
| 173|0x000000008ad00000, 0x000000008ae00000, 0x000000008ae00000|100%| O|  |TAMS 0x000000008ae00000, 0x000000008ae00000| Untracked 
| 174|0x000000008ae00000, 0x000000008af00000, 0x000000008af00000|100%| O|  |TAMS 0x000000008af00000, 0x000000008af00000| Untracked 
| 175|0x000000008af00000, 0x000000008b000000, 0x000000008b000000|100%| O|  |TAMS 0x000000008b000000, 0x000000008b000000| Untracked 
| 176|0x000000008b000000, 0x000000008b100000, 0x000000008b100000|100%| O|  |TAMS 0x000000008b100000, 0x000000008b100000| Untracked 
| 177|0x000000008b100000, 0x000000008b200000, 0x000000008b200000|100%| O|  |TAMS 0x000000008b200000, 0x000000008b200000| Untracked 
| 178|0x000000008b200000, 0x000000008b300000, 0x000000008b300000|100%| O|  |TAMS 0x000000008b300000, 0x000000008b300000| Untracked 
| 179|0x000000008b300000, 0x000000008b400000, 0x000000008b400000|100%| O|  |TAMS 0x000000008b400000, 0x000000008b400000| Untracked 
| 180|0x000000008b400000, 0x000000008b500000, 0x000000008b500000|100%| O|  |TAMS 0x000000008b500000, 0x000000008b500000| Untracked 
| 181|0x000000008b500000, 0x000000008b600000, 0x000000008b600000|100%| O|  |TAMS 0x000000008b600000, 0x000000008b600000| Untracked 
| 182|0x000000008b600000, 0x000000008b700000, 0x000000008b700000|100%| O|  |TAMS 0x000000008b700000, 0x000000008b700000| Untracked 
| 183|0x000000008b700000, 0x000000008b700000, 0x000000008b800000|  0%| F|  |TAMS 0x000000008b700000, 0x000000008b700000| Untracked 
| 184|0x000000008b800000, 0x000000008b800000, 0x000000008b900000|  0%| F|  |TAMS 0x000000008b800000, 0x000000008b800000| Untracked 
| 185|0x000000008b900000, 0x000000008b900000, 0x000000008ba00000|  0%| F|  |TAMS 0x000000008b900000, 0x000000008b900000| Untracked 
| 186|0x000000008ba00000, 0x000000008ba00000, 0x000000008bb00000|  0%| F|  |TAMS 0x000000008ba00000, 0x000000008ba00000| Untracked 
| 187|0x000000008bb00000, 0x000000008bb00000, 0x000000008bc00000|  0%| F|  |TAMS 0x000000008bb00000, 0x000000008bb00000| Untracked 
| 188|0x000000008bc00000, 0x000000008bd00000, 0x000000008bd00000|100%| O|  |TAMS 0x000000008bc6dc00, 0x000000008bd00000| Untracked 
| 189|0x000000008bd00000, 0x000000008bd00000, 0x000000008be00000|  0%| F|  |TAMS 0x000000008bd00000, 0x000000008bd00000| Untracked 
| 190|0x000000008be00000, 0x000000008be00000, 0x000000008bf00000|  0%| F|  |TAMS 0x000000008be00000, 0x000000008be00000| Untracked 
| 191|0x000000008bf00000, 0x000000008bf00000, 0x000000008c000000|  0%| F|  |TAMS 0x000000008bf00000, 0x000000008bf00000| Untracked 
| 192|0x000000008c000000, 0x000000008c000000, 0x000000008c100000|  0%| F|  |TAMS 0x000000008c000000, 0x000000008c000000| Untracked 
| 193|0x000000008c100000, 0x000000008c100000, 0x000000008c200000|  0%| F|  |TAMS 0x000000008c100000, 0x000000008c100000| Untracked 
| 194|0x000000008c200000, 0x000000008c200000, 0x000000008c300000|  0%| F|  |TAMS 0x000000008c200000, 0x000000008c200000| Untracked 
| 195|0x000000008c300000, 0x000000008c300000, 0x000000008c400000|  0%| F|  |TAMS 0x000000008c300000, 0x000000008c300000| Untracked 
| 196|0x000000008c400000, 0x000000008c400000, 0x000000008c500000|  0%| F|  |TAMS 0x000000008c400000, 0x000000008c400000| Untracked 
| 197|0x000000008c500000, 0x000000008c500000, 0x000000008c600000|  0%| F|  |TAMS 0x000000008c500000, 0x000000008c500000| Untracked 
| 198|0x000000008c600000, 0x000000008c600000, 0x000000008c700000|  0%| F|  |TAMS 0x000000008c600000, 0x000000008c600000| Untracked 
| 199|0x000000008c700000, 0x000000008c700000, 0x000000008c800000|  0%| F|  |TAMS 0x000000008c700000, 0x000000008c700000| Untracked 
| 200|0x000000008c800000, 0x000000008c800000, 0x000000008c900000|  0%| F|  |TAMS 0x000000008c800000, 0x000000008c800000| Untracked 
| 201|0x000000008c900000, 0x000000008c900000, 0x000000008ca00000|  0%| F|  |TAMS 0x000000008c900000, 0x000000008c900000| Untracked 
| 202|0x000000008ca00000, 0x000000008ca00000, 0x000000008cb00000|  0%| F|  |TAMS 0x000000008ca00000, 0x000000008ca00000| Untracked 
| 203|0x000000008cb00000, 0x000000008cb00000, 0x000000008cc00000|  0%| F|  |TAMS 0x000000008cb00000, 0x000000008cb00000| Untracked 
| 204|0x000000008cc00000, 0x000000008cc00000, 0x000000008cd00000|  0%| F|  |TAMS 0x000000008cc00000, 0x000000008cc00000| Untracked 
| 205|0x000000008cd00000, 0x000000008cd00000, 0x000000008ce00000|  0%| F|  |TAMS 0x000000008cd00000, 0x000000008cd00000| Untracked 
| 206|0x000000008ce00000, 0x000000008ce00000, 0x000000008cf00000|  0%| F|  |TAMS 0x000000008ce00000, 0x000000008ce00000| Untracked 
| 207|0x000000008cf00000, 0x000000008cf00000, 0x000000008d000000|  0%| F|  |TAMS 0x000000008cf00000, 0x000000008cf00000| Untracked 
| 208|0x000000008d000000, 0x000000008d000000, 0x000000008d100000|  0%| F|  |TAMS 0x000000008d000000, 0x000000008d000000| Untracked 
| 209|0x000000008d100000, 0x000000008d100000, 0x000000008d200000|  0%| F|  |TAMS 0x000000008d100000, 0x000000008d100000| Untracked 
| 210|0x000000008d200000, 0x000000008d200000, 0x000000008d300000|  0%| F|  |TAMS 0x000000008d200000, 0x000000008d200000| Untracked 
| 211|0x000000008d300000, 0x000000008d300000, 0x000000008d400000|  0%| F|  |TAMS 0x000000008d300000, 0x000000008d300000| Untracked 
| 212|0x000000008d400000, 0x000000008d400000, 0x000000008d500000|  0%| F|  |TAMS 0x000000008d400000, 0x000000008d400000| Untracked 
| 213|0x000000008d500000, 0x000000008d500000, 0x000000008d600000|  0%| F|  |TAMS 0x000000008d500000, 0x000000008d500000| Untracked 
| 214|0x000000008d600000, 0x000000008d600000, 0x000000008d700000|  0%| F|  |TAMS 0x000000008d600000, 0x000000008d600000| Untracked 
| 215|0x000000008d700000, 0x000000008d700000, 0x000000008d800000|  0%| F|  |TAMS 0x000000008d700000, 0x000000008d700000| Untracked 
| 216|0x000000008d800000, 0x000000008d8e8410, 0x000000008d900000| 90%| S|CS|TAMS 0x000000008d800000, 0x000000008d800000| Complete 
| 217|0x000000008d900000, 0x000000008d900000, 0x000000008da00000|  0%| F|  |TAMS 0x000000008d900000, 0x000000008d900000| Untracked 
| 218|0x000000008da00000, 0x000000008da00000, 0x000000008db00000|  0%| F|  |TAMS 0x000000008da00000, 0x000000008da00000| Untracked 
| 219|0x000000008db00000, 0x000000008db00000, 0x000000008dc00000|  0%| F|  |TAMS 0x000000008db00000, 0x000000008db00000| Untracked 
| 220|0x000000008dc00000, 0x000000008dc00000, 0x000000008dd00000|  0%| F|  |TAMS 0x000000008dc00000, 0x000000008dc00000| Untracked 
| 221|0x000000008dd00000, 0x000000008dd00000, 0x000000008de00000|  0%| F|  |TAMS 0x000000008dd00000, 0x000000008dd00000| Untracked 
| 222|0x000000008de00000, 0x000000008de00000, 0x000000008df00000|  0%| F|  |TAMS 0x000000008de00000, 0x000000008de00000| Untracked 
| 223|0x000000008df00000, 0x000000008df00000, 0x000000008e000000|  0%| F|  |TAMS 0x000000008df00000, 0x000000008df00000| Untracked 
| 224|0x000000008e000000, 0x000000008e000000, 0x000000008e100000|  0%| F|  |TAMS 0x000000008e000000, 0x000000008e000000| Untracked 
| 225|0x000000008e100000, 0x000000008e100000, 0x000000008e200000|  0%| F|  |TAMS 0x000000008e100000, 0x000000008e100000| Untracked 
| 226|0x000000008e200000, 0x000000008e280800, 0x000000008e300000| 50%| E|  |TAMS 0x000000008e200000, 0x000000008e200000| Complete 
| 227|0x000000008e300000, 0x000000008e400000, 0x000000008e400000|100%| E|CS|TAMS 0x000000008e300000, 0x000000008e300000| Complete 
| 228|0x000000008e400000, 0x000000008e500000, 0x000000008e500000|100%| E|CS|TAMS 0x000000008e400000, 0x000000008e400000| Complete 
| 229|0x000000008e500000, 0x000000008e600000, 0x000000008e600000|100%| E|CS|TAMS 0x000000008e500000, 0x000000008e500000| Complete 
| 230|0x000000008e600000, 0x000000008e700000, 0x000000008e700000|100%| E|CS|TAMS 0x000000008e600000, 0x000000008e600000| Complete 
| 231|0x000000008e700000, 0x000000008e800000, 0x000000008e800000|100%| E|CS|TAMS 0x000000008e700000, 0x000000008e700000| Complete 
| 232|0x000000008e800000, 0x000000008e900000, 0x000000008e900000|100%| E|CS|TAMS 0x000000008e800000, 0x000000008e800000| Complete 
| 233|0x000000008e900000, 0x000000008ea00000, 0x000000008ea00000|100%| E|CS|TAMS 0x000000008e900000, 0x000000008e900000| Complete 
| 234|0x000000008ea00000, 0x000000008eb00000, 0x000000008eb00000|100%| E|CS|TAMS 0x000000008ea00000, 0x000000008ea00000| Complete 
| 235|0x000000008eb00000, 0x000000008ec00000, 0x000000008ec00000|100%| E|CS|TAMS 0x000000008eb00000, 0x000000008eb00000| Complete 
| 236|0x000000008ec00000, 0x000000008ed00000, 0x000000008ed00000|100%| E|CS|TAMS 0x000000008ec00000, 0x000000008ec00000| Complete 
| 237|0x000000008ed00000, 0x000000008ee00000, 0x000000008ee00000|100%| E|CS|TAMS 0x000000008ed00000, 0x000000008ed00000| Complete 
| 238|0x000000008ee00000, 0x000000008ef00000, 0x000000008ef00000|100%| E|CS|TAMS 0x000000008ee00000, 0x000000008ee00000| Complete 
| 239|0x000000008ef00000, 0x000000008f000000, 0x000000008f000000|100%| E|CS|TAMS 0x000000008ef00000, 0x000000008ef00000| Complete 
| 240|0x000000008f000000, 0x000000008f100000, 0x000000008f100000|100%| E|CS|TAMS 0x000000008f000000, 0x000000008f000000| Complete 
| 241|0x000000008f100000, 0x000000008f200000, 0x000000008f200000|100%| E|CS|TAMS 0x000000008f100000, 0x000000008f100000| Complete 
| 242|0x000000008f200000, 0x000000008f300000, 0x000000008f300000|100%| E|CS|TAMS 0x000000008f200000, 0x000000008f200000| Complete 
| 243|0x000000008f300000, 0x000000008f400000, 0x000000008f400000|100%| E|CS|TAMS 0x000000008f300000, 0x000000008f300000| Complete 
| 244|0x000000008f400000, 0x000000008f500000, 0x000000008f500000|100%| E|CS|TAMS 0x000000008f400000, 0x000000008f400000| Complete 
| 245|0x000000008f500000, 0x000000008f600000, 0x000000008f600000|100%| E|CS|TAMS 0x000000008f500000, 0x000000008f500000| Complete 
| 246|0x000000008f600000, 0x000000008f700000, 0x000000008f700000|100%| E|CS|TAMS 0x000000008f600000, 0x000000008f600000| Complete 
| 247|0x000000008f700000, 0x000000008f800000, 0x000000008f800000|100%| E|CS|TAMS 0x000000008f700000, 0x000000008f700000| Complete 
| 248|0x000000008f800000, 0x000000008f900000, 0x000000008f900000|100%| E|CS|TAMS 0x000000008f800000, 0x000000008f800000| Complete 
| 249|0x000000008f900000, 0x000000008fa00000, 0x000000008fa00000|100%| E|CS|TAMS 0x000000008f900000, 0x000000008f900000| Complete 
| 250|0x000000008fa00000, 0x000000008fb00000, 0x000000008fb00000|100%| E|CS|TAMS 0x000000008fa00000, 0x000000008fa00000| Complete 
| 251|0x000000008fb00000, 0x000000008fc00000, 0x000000008fc00000|100%| E|CS|TAMS 0x000000008fb00000, 0x000000008fb00000| Complete 
| 252|0x000000008fc00000, 0x000000008fd00000, 0x000000008fd00000|100%| E|CS|TAMS 0x000000008fc00000, 0x000000008fc00000| Complete 
| 253|0x000000008fd00000, 0x000000008fe00000, 0x000000008fe00000|100%| E|CS|TAMS 0x000000008fd00000, 0x000000008fd00000| Complete 

Card table byte_map: [0x000001a5d5d50000,0x000001a5d6150000] _byte_map_base: 0x000001a5d5950000

Marking Bits (Prev, Next): (CMBitMap*) 0x000001a5c2b628f0, (CMBitMap*) 0x000001a5c2b628b8
 Prev Bits: [0x000001a5d8550000, 0x000001a5da550000)
 Next Bits: [0x000001a5d6550000, 0x000001a5d8550000)

Polling page: 0x000001a5c0ca0000

Metaspace:

Usage:
  Non-class:    138.82 MB capacity,   135.77 MB ( 98%) used,     2.53 MB (  2%) free+waste,   531.75 KB ( <1%) overhead. 
      Class:     21.01 MB capacity,    19.34 MB ( 92%) used,     1.44 MB (  7%) free+waste,   235.75 KB (  1%) overhead. 
       Both:    159.83 MB capacity,   155.11 MB ( 97%) used,     3.97 MB (  2%) free+waste,   767.50 KB ( <1%) overhead. 

Virtual space:
  Non-class space:      140.00 MB reserved,     139.00 MB (>99%) committed 
      Class space:        1.00 GB reserved,      21.07 MB (  2%) committed 
             Both:        1.14 GB reserved,     160.07 MB ( 14%) committed 

Chunk freelists:
   Non-Class:  0 bytes
       Class:  0 bytes
        Both:  0 bytes

MaxMetaspaceSize: 17179869184.00 GB
CompressedClassSpaceSize: 1.00 GB

CodeHeap 'non-profiled nmethods': size=120000Kb used=19006Kb max_used=19006Kb free=100993Kb
 bounds [0x000001a5ce0f0000, 0x000001a5cf390000, 0x000001a5d5620000]
CodeHeap 'profiled nmethods': size=120000Kb used=52930Kb max_used=52930Kb free=67069Kb
 bounds [0x000001a5c6bc0000, 0x000001a5c9fb0000, 0x000001a5ce0f0000]
CodeHeap 'non-nmethods': size=5760Kb used=2467Kb max_used=2479Kb free=3293Kb
 bounds [0x000001a5c6620000, 0x000001a5c68b0000, 0x000001a5c6bc0000]
 total_blobs=25182 nmethods=24121 adapters=969
 compilation: enabled
              stopped_count=0, restarted_count=0
 full_count=0

Compilation events (20 events):
Event: 3273.372 Thread 0x000001a5dd881800 27715       3       com.android.tools.r8.ProgramResource$ByteResource::<init> (46 bytes)
Event: 3273.372 Thread 0x000001a5dd881800 nmethod 27715 0x000001a5c9f9ba10 code [0x000001a5c9f9bbe0, 0x000001a5c9f9beb8]
Event: 3273.372 Thread 0x000001a5dd881800 27716       3       com.android.tools.r8.utils.c$b::a (17 bytes)
Event: 3273.372 Thread 0x000001a5dd881800 nmethod 27716 0x000001a5c9f9bf90 code [0x000001a5c9f9c1a0, 0x000001a5c9f9c758]
Event: 3273.373 Thread 0x000001a5dd881800 27717       3       com.android.builder.dexing.D8DexArchiveBuilder$$Lambda$1452/0x0000000100e41840::accept (16 bytes)
Event: 3273.374 Thread 0x000001a5dd881800 nmethod 27717 0x000001a5c9f9c990 code [0x000001a5c9f9cc60, 0x000001a5c9f9dd28]
Event: 3273.374 Thread 0x000001a5dd881800 27718       3       com.android.builder.dexing.D8DexArchiveBuilder::lambda$convert$0 (19 bytes)
Event: 3273.375 Thread 0x000001a5dd881800 nmethod 27718 0x000001a5c9f9e410 code [0x000001a5c9f9e6e0, 0x000001a5c9f9f6b8]
Event: 3273.375 Thread 0x000001a5dd881800 27719   !   3       com.android.builder.dexing.D8DexArchiveBuilder::readAllBytes (17 bytes)
Event: 3273.375 Thread 0x000001a5dd881800 nmethod 27719 0x000001a5c9f9fd90 code [0x000001a5c9f9ff60, 0x000001a5c9fa01f8]
Event: 3273.375 Thread 0x000001a5dd881800 27720       3       com.android.builder.dexing.D8DiagnosticsHandler::getOrigin (65 bytes)
Event: 3273.376 Thread 0x000001a5dd881800 nmethod 27720 0x000001a5c9fa0390 code [0x000001a5c9fa0640, 0x000001a5c9fa1418]
Event: 3273.376 Thread 0x000001a5dd881800 27721       3       com.android.tools.r8.BaseCommand$Builder::addClassProgramData (17 bytes)
Event: 3273.377 Thread 0x000001a5dd881800 nmethod 27721 0x000001a5c9fa1810 code [0x000001a5c9fa1a80, 0x000001a5c9fa26f8]
Event: 3273.377 Thread 0x000001a5dd881800 27722       3       com.android.tools.r8.BaseCommand$Builder$$Lambda$1454/0x0000000100e68040::get$Lambda (11 bytes)
Event: 3273.377 Thread 0x000001a5dd881800 nmethod 27722 0x000001a5c9fa2b90 code [0x000001a5c9fa2d60, 0x000001a5c9fa3078]
Event: 3273.380 Thread 0x000001a5dd881800 27723       3       com.android.tools.r8.internal.Ah::<init> (9 bytes)
Event: 3273.380 Thread 0x000001a5dd881800 nmethod 27723 0x000001a5c9fa3190 code [0x000001a5c9fa3360, 0x000001a5c9fa34a8]
Event: 3273.381 Thread 0x000001a5dd881800 27725       3       com.android.tools.r8.internal.c0::<init> (5 bytes)
Event: 3273.381 Thread 0x000001a5dd881800 nmethod 27725 0x000001a5c9fa3590 code [0x000001a5c9fa3740, 0x000001a5c9fa3898]

GC Heap History (20 events):
Event: 3271.077 GC heap before
{Heap before GC invocations=80 (full 0):
 garbage-first heap   total 260096K, used 219487K [0x0000000080000000, 0x0000000100000000)
  region size 1024K, 27 young (27648K), 5 survivors (5120K)
 Metaspace       used 157020K, capacity 161884K, committed 162252K, reserved 1189888K
  class space    used 19590K, capacity 21329K, committed 21452K, reserved 1048576K
}
Event: 3271.085 GC heap after
{Heap after GC invocations=81 (full 0):
 garbage-first heap   total 260096K, used 183824K [0x0000000080000000, 0x0000000100000000)
  region size 1024K, 2 young (2048K), 2 survivors (2048K)
 Metaspace       used 157020K, capacity 161884K, committed 162252K, reserved 1189888K
  class space    used 19590K, capacity 21329K, committed 21452K, reserved 1048576K
}
Event: 3271.141 GC heap before
{Heap before GC invocations=81 (full 0):
 garbage-first heap   total 260096K, used 193040K [0x0000000080000000, 0x0000000100000000)
  region size 1024K, 12 young (12288K), 2 survivors (2048K)
 Metaspace       used 157151K, capacity 161982K, committed 162252K, reserved 1189888K
  class space    used 19609K, capacity 21361K, committed 21452K, reserved 1048576K
}
Event: 3271.149 GC heap after
{Heap after GC invocations=82 (full 0):
 garbage-first heap   total 260096K, used 181209K [0x0000000080000000, 0x0000000100000000)
  region size 1024K, 2 young (2048K), 2 survivors (2048K)
 Metaspace       used 157151K, capacity 161982K, committed 162252K, reserved 1189888K
  class space    used 19609K, capacity 21361K, committed 21452K, reserved 1048576K
}
Event: 3271.412 GC heap before
{Heap before GC invocations=82 (full 0):
 garbage-first heap   total 260096K, used 205785K [0x0000000080000000, 0x0000000100000000)
  region size 1024K, 27 young (27648K), 2 survivors (2048K)
 Metaspace       used 158087K, capacity 162932K, committed 163148K, reserved 1191936K
  class space    used 19725K, capacity 21464K, committed 21580K, reserved 1048576K
}
Event: 3271.418 GC heap after
{Heap after GC invocations=83 (full 0):
 garbage-first heap   total 260096K, used 184066K [0x0000000080000000, 0x0000000100000000)
  region size 1024K, 4 young (4096K), 4 survivors (4096K)
 Metaspace       used 158087K, capacity 162932K, committed 163148K, reserved 1191936K
  class space    used 19725K, capacity 21464K, committed 21580K, reserved 1048576K
}
Event: 3271.932 GC heap before
{Heap before GC invocations=84 (full 0):
 garbage-first heap   total 260096K, used 208642K [0x0000000080000000, 0x0000000100000000)
  region size 1024K, 29 young (29696K), 4 survivors (4096K)
 Metaspace       used 158521K, capacity 163392K, committed 163660K, reserved 1191936K
  class space    used 19774K, capacity 21509K, committed 21580K, reserved 1048576K
}
Event: 3271.938 GC heap after
{Heap after GC invocations=85 (full 0):
 garbage-first heap   total 260096K, used 184914K [0x0000000080000000, 0x0000000100000000)
  region size 1024K, 2 young (2048K), 2 survivors (2048K)
 Metaspace       used 158521K, capacity 163392K, committed 163660K, reserved 1191936K
  class space    used 19774K, capacity 21509K, committed 21580K, reserved 1048576K
}
Event: 3271.971 GC heap before
{Heap before GC invocations=85 (full 0):
 garbage-first heap   total 260096K, used 194130K [0x0000000080000000, 0x0000000100000000)
  region size 1024K, 12 young (12288K), 2 survivors (2048K)
 Metaspace       used 158524K, capacity 163392K, committed 163660K, reserved 1191936K
  class space    used 19774K, capacity 21509K, committed 21580K, reserved 1048576K
}
Event: 3271.983 GC heap after
{Heap after GC invocations=86 (full 0):
 garbage-first heap   total 260096K, used 172543K [0x0000000080000000, 0x0000000100000000)
  region size 1024K, 2 young (2048K), 2 survivors (2048K)
 Metaspace       used 158524K, capacity 163392K, committed 163660K, reserved 1191936K
  class space    used 19774K, capacity 21509K, committed 21580K, reserved 1048576K
}
Event: 3272.298 GC heap before
{Heap before GC invocations=86 (full 0):
 garbage-first heap   total 260096K, used 203263K [0x0000000080000000, 0x0000000100000000)
  region size 1024K, 33 young (33792K), 2 survivors (2048K)
 Metaspace       used 158775K, capacity 163588K, committed 163660K, reserved 1191936K
  class space    used 19800K, capacity 21510K, committed 21580K, reserved 1048576K
}
Event: 3272.304 GC heap after
{Heap after GC invocations=87 (full 0):
 garbage-first heap   total 260096K, used 172976K [0x0000000080000000, 0x0000000100000000)
  region size 1024K, 2 young (2048K), 2 survivors (2048K)
 Metaspace       used 158775K, capacity 163588K, committed 163660K, reserved 1191936K
  class space    used 19800K, capacity 21510K, committed 21580K, reserved 1048576K
}
Event: 3272.523 GC heap before
{Heap before GC invocations=87 (full 0):
 garbage-first heap   total 260096K, used 204720K [0x0000000080000000, 0x0000000100000000)
  region size 1024K, 35 young (35840K), 2 survivors (2048K)
 Metaspace       used 158783K, capacity 163588K, committed 163660K, reserved 1191936K
  class space    used 19800K, capacity 21510K, committed 21580K, reserved 1048576K
}
Event: 3272.528 GC heap after
{Heap after GC invocations=88 (full 0):
 garbage-first heap   total 260096K, used 171854K [0x0000000080000000, 0x0000000100000000)
  region size 1024K, 2 young (2048K), 2 survivors (2048K)
 Metaspace       used 158783K, capacity 163588K, committed 163660K, reserved 1191936K
  class space    used 19800K, capacity 21510K, committed 21580K, reserved 1048576K
}
Event: 3272.821 GC heap before
{Heap before GC invocations=89 (full 0):
 garbage-first heap   total 260096K, used 206670K [0x0000000080000000, 0x0000000100000000)
  region size 1024K, 37 young (37888K), 2 survivors (2048K)
 Metaspace       used 158784K, capacity 163588K, committed 163660K, reserved 1191936K
  class space    used 19800K, capacity 21510K, committed 21580K, reserved 1048576K
}
Event: 3272.824 GC heap after
{Heap after GC invocations=90 (full 0):
 garbage-first heap   total 260096K, used 171874K [0x0000000080000000, 0x0000000100000000)
  region size 1024K, 2 young (2048K), 2 survivors (2048K)
 Metaspace       used 158784K, capacity 163588K, committed 163660K, reserved 1191936K
  class space    used 19800K, capacity 21510K, committed 21580K, reserved 1048576K
}
Event: 3272.877 GC heap before
{Heap before GC invocations=90 (full 0):
 garbage-first heap   total 260096K, used 182114K [0x0000000080000000, 0x0000000100000000)
  region size 1024K, 12 young (12288K), 2 survivors (2048K)
 Metaspace       used 158786K, capacity 163588K, committed 163660K, reserved 1191936K
  class space    used 19800K, capacity 21510K, committed 21580K, reserved 1048576K
}
Event: 3272.887 GC heap after
{Heap after GC invocations=91 (full 0):
 garbage-first heap   total 260096K, used 164674K [0x0000000080000000, 0x0000000100000000)
  region size 1024K, 1 young (1024K), 1 survivors (1024K)
 Metaspace       used 158786K, capacity 163588K, committed 163660K, reserved 1191936K
  class space    used 19800K, capacity 21510K, committed 21580K, reserved 1048576K
}
Event: 3273.271 GC heap before
{Heap before GC invocations=91 (full 0):
 garbage-first heap   total 260096K, used 200514K [0x0000000080000000, 0x0000000100000000)
  region size 1024K, 37 young (37888K), 1 survivors (1024K)
 Metaspace       used 158813K, capacity 163661K, committed 163916K, reserved 1191936K
  class space    used 19804K, capacity 21513K, committed 21580K, reserved 1048576K
}
Event: 3273.278 GC heap after
{Heap after GC invocations=92 (full 0):
 garbage-first heap   total 260096K, used 164768K [0x0000000080000000, 0x0000000100000000)
  region size 1024K, 1 young (1024K), 1 survivors (1024K)
 Metaspace       used 158813K, capacity 163661K, committed 163916K, reserved 1191936K
  class space    used 19804K, capacity 21513K, committed 21580K, reserved 1048576K
}

Deoptimization events (20 events):
Event: 3273.222 Thread 0x000001a5e3219800 Uncommon trap: trap_request=0xffffffde fr.pc=0x000001a5cf1bd61c relative=0x000000000000063c
Event: 3273.222 Thread 0x000001a5e3219800 Uncommon trap: reason=class_check action=maybe_recompile pc=0x000001a5cf1bd61c method=org.gradle.api.internal.artifacts.transform.AbstractTransformedArtifactSet.lambda$new$0(Lcom/google/common/collect/ImmutableList$Builder;Lorg/gradle/api/internal/artifac
Event: 3273.222 Thread 0x000001a5e3219800 DEOPT PACKING pc=0x000001a5cf1bd61c sp=0x00000095f62fbf40
Event: 3273.222 Thread 0x000001a5e3219800 DEOPT UNPACKING pc=0x000001a5c664662f sp=0x00000095f62fbe30 mode 2
Event: 3273.222 Thread 0x000001a5e3219800 Uncommon trap: trap_request=0xffffffde fr.pc=0x000001a5cf1be300 relative=0x0000000000000620
Event: 3273.222 Thread 0x000001a5e3219800 Uncommon trap: reason=class_check action=maybe_recompile pc=0x000001a5cf1be300 method=org.gradle.api.internal.artifacts.transform.AbstractTransformedArtifactSet.lambda$new$0(Lcom/google/common/collect/ImmutableList$Builder;Lorg/gradle/api/internal/artifac
Event: 3273.222 Thread 0x000001a5e3219800 DEOPT PACKING pc=0x000001a5cf1be300 sp=0x00000095f62fbeb0
Event: 3273.222 Thread 0x000001a5e3219800 DEOPT UNPACKING pc=0x000001a5c664662f sp=0x00000095f62fbe18 mode 2
Event: 3273.229 Thread 0x000001a5e3219800 DEOPT PACKING pc=0x000001a5c921a7df sp=0x00000095f62facf0
Event: 3273.229 Thread 0x000001a5e3219800 DEOPT UNPACKING pc=0x000001a5c6646dde sp=0x00000095f62fa2c8 mode 0
Event: 3273.236 Thread 0x000001a5e3219800 Uncommon trap: trap_request=0xffffffde fr.pc=0x000001a5cecef450 relative=0x0000000000004290
Event: 3273.236 Thread 0x000001a5e3219800 Uncommon trap: reason=class_check action=maybe_recompile pc=0x000001a5cecef450 method=org.gradle.api.internal.artifacts.transform.TransformationStep.createInvocation(Lorg/gradle/api/internal/artifacts/transform/TransformationSubject;Lorg/gradle/api/intern
Event: 3273.236 Thread 0x000001a5e3219800 DEOPT PACKING pc=0x000001a5cecef450 sp=0x00000095f62fbe40
Event: 3273.236 Thread 0x000001a5e3219800 DEOPT UNPACKING pc=0x000001a5c664662f sp=0x00000095f62fb880 mode 2
Event: 3273.262 Thread 0x000001a5e3219800 Uncommon trap: trap_request=0xffffffde fr.pc=0x000001a5cecef450 relative=0x0000000000004290
Event: 3273.262 Thread 0x000001a5e3219800 Uncommon trap: reason=class_check action=maybe_recompile pc=0x000001a5cecef450 method=org.gradle.api.internal.artifacts.transform.TransformationStep.createInvocation(Lorg/gradle/api/internal/artifacts/transform/TransformationSubject;Lorg/gradle/api/intern
Event: 3273.262 Thread 0x000001a5e3219800 DEOPT PACKING pc=0x000001a5cecef450 sp=0x00000095f62fbe40
Event: 3273.262 Thread 0x000001a5e3219800 DEOPT UNPACKING pc=0x000001a5c664662f sp=0x00000095f62fb880 mode 2
Event: 3273.370 Thread 0x000001a5e3219800 DEOPT PACKING pc=0x000001a5c9eee4c6 sp=0x00000095f62fa7e0
Event: 3273.370 Thread 0x000001a5e3219800 DEOPT UNPACKING pc=0x000001a5c6646dde sp=0x00000095f62f9dd0 mode 0

Classes redefined (0 events):
No events

Internal exceptions (20 events):
Event: 3269.712 Thread 0x000001a5e3653800 Exception <a 'java/lang/NoSuchMethodError'{0x000000008e33c648}: <clinit>> (0x000000008e33c648) thrown at [./src/hotspot/share/prims/jni.cpp, line 1362]
Event: 3269.712 Thread 0x000001a5e159f800 Exception <a 'java/lang/NoSuchMethodError'{0x000000008e33f520}: <clinit>> (0x000000008e33f520) thrown at [./src/hotspot/share/prims/jni.cpp, line 1362]
Event: 3269.712 Thread 0x000001a5e3653800 Exception <a 'java/lang/NoSuchMethodError'{0x000000008e33d920}: <clinit>> (0x000000008e33d920) thrown at [./src/hotspot/share/prims/jni.cpp, line 1362]
Event: 3269.716 Thread 0x000001a5e3653800 Exception <a 'java/lang/NoSuchMethodError'{0x000000008e368948}: <clinit>> (0x000000008e368948) thrown at [./src/hotspot/share/prims/jni.cpp, line 1362]
Event: 3270.825 Thread 0x000001a5e0436800 Exception <a 'java/lang/NoSuchMethodError'{0x000000008fb52c78}: <clinit>> (0x000000008fb52c78) thrown at [./src/hotspot/share/prims/jni.cpp, line 1362]
Event: 3270.827 Thread 0x000001a5e0436800 Exception <a 'java/lang/NoSuchMethodError'{0x000000008fb73be8}: <clinit>> (0x000000008fb73be8) thrown at [./src/hotspot/share/prims/jni.cpp, line 1362]
Event: 3271.041 Thread 0x000001a5e3218000 Exception <a 'java/lang/NoSuchMethodError'{0x000000008ea5bfb8}: <clinit>> (0x000000008ea5bfb8) thrown at [./src/hotspot/share/prims/jni.cpp, line 1362]
Event: 3271.041 Thread 0x000001a5e321c000 Implicit null exception at 0x000001a5ce6beba3 to 0x000001a5ce6bedb8
Event: 3271.108 Thread 0x000001a5e3218000 Implicit null exception at 0x000001a5cf1210b0 to 0x000001a5cf121188
Event: 3272.000 Thread 0x000001a5e365d800 Exception <a 'sun/nio/fs/WindowsException'{0x000000008f91ac68}> (0x000000008f91ac68) thrown at [./src/hotspot/share/prims/jni.cpp, line 615]
Event: 3272.002 Thread 0x000001a5e15a4000 Exception <a 'sun/nio/fs/WindowsException'{0x000000008f746fc8}> (0x000000008f746fc8) thrown at [./src/hotspot/share/prims/jni.cpp, line 615]
Event: 3272.003 Thread 0x000001a5e15a2800 Exception <a 'sun/nio/fs/WindowsException'{0x000000008f756150}> (0x000000008f756150) thrown at [./src/hotspot/share/prims/jni.cpp, line 615]
Event: 3272.003 Thread 0x000001a5e1597000 Exception <a 'sun/nio/fs/WindowsException'{0x000000008f765bf0}> (0x000000008f765bf0) thrown at [./src/hotspot/share/prims/jni.cpp, line 615]
Event: 3272.002 Thread 0x000001a5e3657000 Exception <a 'sun/nio/fs/WindowsException'{0x000000008f74d408}> (0x000000008f74d408) thrown at [./src/hotspot/share/prims/jni.cpp, line 615]
Event: 3272.003 Thread 0x000001a5e365b000 Exception <a 'sun/nio/fs/WindowsException'{0x000000008f73fe30}> (0x000000008f73fe30) thrown at [./src/hotspot/share/prims/jni.cpp, line 615]
Event: 3272.003 Thread 0x000001a5e365a000 Exception <a 'sun/nio/fs/WindowsException'{0x000000008f8ffd40}> (0x000000008f8ffd40) thrown at [./src/hotspot/share/prims/jni.cpp, line 615]
Event: 3272.127 Thread 0x000001a5e365d800 Exception <a 'sun/nio/fs/WindowsException'{0x000000008f5257d8}> (0x000000008f5257d8) thrown at [./src/hotspot/share/prims/jni.cpp, line 615]
Event: 3273.380 Thread 0x000001a5e159d800 Exception <a 'sun/nio/fs/WindowsException'{0x000000008ec3ccb0}> (0x000000008ec3ccb0) thrown at [./src/hotspot/share/prims/jni.cpp, line 615]
Event: 3273.383 Thread 0x000001a5e159d800 Implicit null exception at 0x000001a5c8a042bd to 0x000001a5c8a04413
Event: 3273.383 Thread 0x000001a5e159d800 Exception <a 'java/lang/NullPointerException'{0x000000008eceeb10}> (0x000000008eceeb10) thrown at [./src/hotspot/share/runtime/sharedRuntime.cpp, line 607]

Events (20 events):
Event: 3273.231 Executing VM operation: Deoptimize
Event: 3273.235 Executing VM operation: Deoptimize done
Event: 3273.263 loading class org/gradle/api/file/FileCollection
Event: 3273.263 loading class org/gradle/api/file/FileCollection done
Event: 3273.263 loading class org/gradle/api/internal/artifacts/transform/ArtifactTransformDependencies
Event: 3273.263 loading class org/gradle/api/internal/artifacts/transform/ArtifactTransformDependencies done
Event: 3273.263 loading class org/gradle/work/InputChanges
Event: 3273.263 loading class org/gradle/work/InputChanges done
Event: 3273.264 loading class org/gradle/work/InputChanges
Event: 3273.264 loading class org/gradle/work/InputChanges done
Event: 3273.266 loading class com/android/build/gradle/internal/dependency/BaseDexingTransform$processNonIncrementally$3
Event: 3273.266 loading class com/android/build/gradle/internal/dependency/BaseDexingTransform$processNonIncrementally$3 done
Event: 3273.271 Executing VM operation: G1CollectForAllocation
Event: 3273.278 Executing VM operation: G1CollectForAllocation done
Event: 3273.360 loading class com/android/build/gradle/internal/dependency/BaseDexingTransform$process$1$1$1
Event: 3273.360 loading class com/android/build/gradle/internal/dependency/BaseDexingTransform$process$1$1$1 done
Event: 3273.383 loading class com/android/tools/r8/utils/w$c
Event: 3273.383 loading class com/android/tools/r8/utils/w$c done
Event: 3273.384 loading class com/google/common/util/concurrent/AbstractFuture$Failure$1
Event: 3273.384 loading class com/google/common/util/concurrent/AbstractFuture$Failure$1 done


Dynamic libraries:
0x00007ff7018d0000 - 0x00007ff7018da000 	C:\Program Files\Android\Android Studio\jre\bin\java.exe
0x00007fffc4700000 - 0x00007fffc4909000 	C:\WINDOWS\SYSTEM32\ntdll.dll
0x00007fffc32b0000 - 0x00007fffc336d000 	C:\WINDOWS\System32\KERNEL32.DLL
0x00007fffc1be0000 - 0x00007fffc1f59000 	C:\WINDOWS\System32\KERNELBASE.dll
0x00007fffc22d0000 - 0x00007fffc23e1000 	C:\WINDOWS\System32\ucrtbase.dll
0x00007fffb7ba0000 - 0x00007fffb7bb7000 	C:\Program Files\Android\Android Studio\jre\bin\VCRUNTIME140.dll
0x00007fffb4a40000 - 0x00007fffb4a59000 	C:\Program Files\Android\Android Studio\jre\bin\jli.dll
0x00007fffc3b90000 - 0x00007fffc3d3c000 	C:\WINDOWS\System32\USER32.dll
0x00007fffc23f0000 - 0x00007fffc2416000 	C:\WINDOWS\System32\win32u.dll
0x00007fffc44f0000 - 0x00007fffc4519000 	C:\WINDOWS\System32\GDI32.dll
0x00007fff99a20000 - 0x00007fff99cc5000 	C:\WINDOWS\WinSxS\amd64_microsoft.windows.common-controls_6595b64144ccf1df_6.0.22000.120_none_9d947278b86cc467\COMCTL32.dll
0x00007fffc1f60000 - 0x00007fffc2072000 	C:\WINDOWS\System32\gdi32full.dll
0x00007fffc4610000 - 0x00007fffc46b3000 	C:\WINDOWS\System32\msvcrt.dll
0x00007fffc2140000 - 0x00007fffc21dd000 	C:\WINDOWS\System32\msvcp_win.dll
0x00007fffc4520000 - 0x00007fffc4551000 	C:\WINDOWS\System32\IMM32.DLL
0x00007fffad450000 - 0x00007fffad4ed000 	C:\Program Files\Android\Android Studio\jre\bin\msvcp140.dll
0x00007fffa9c50000 - 0x00007fffaa725000 	C:\Program Files\Android\Android Studio\jre\bin\server\jvm.dll
0x00007fffc3200000 - 0x00007fffc32ae000 	C:\WINDOWS\System32\ADVAPI32.dll
0x00007fffc4560000 - 0x00007fffc45fe000 	C:\WINDOWS\System32\sechost.dll
0x00007fffc2c90000 - 0x00007fffc2db0000 	C:\WINDOWS\System32\RPCRT4.dll
0x00007fffc4100000 - 0x00007fffc4108000 	C:\WINDOWS\System32\PSAPI.DLL
0x00007fffb66b0000 - 0x00007fffb66e3000 	C:\WINDOWS\SYSTEM32\WINMM.dll
0x00007fffb4780000 - 0x00007fffb478a000 	C:\WINDOWS\SYSTEM32\VERSION.dll
0x00007fffba100000 - 0x00007fffba109000 	C:\WINDOWS\SYSTEM32\WSOCK32.dll
0x00007fffc4030000 - 0x00007fffc409f000 	C:\WINDOWS\System32\WS2_32.dll
0x00007fffc0ca0000 - 0x00007fffc0cb8000 	C:\WINDOWS\SYSTEM32\kernel.appcore.dll
0x00007fffba0e0000 - 0x00007fffba0f1000 	C:\Program Files\Android\Android Studio\jre\bin\verify.dll
0x00007fffbafc0000 - 0x00007fffbb1e1000 	C:\WINDOWS\SYSTEM32\DBGHELP.DLL
0x00007fffa09d0000 - 0x00007fffa0a01000 	C:\WINDOWS\SYSTEM32\dbgcore.DLL
0x00007fffc2250000 - 0x00007fffc22cf000 	C:\WINDOWS\System32\bcryptPrimitives.dll
0x00007fffb7b70000 - 0x00007fffb7b99000 	C:\Program Files\Android\Android Studio\jre\bin\java.dll
0x00007fffb7bc0000 - 0x00007fffb7bcb000 	C:\Program Files\Android\Android Studio\jre\bin\jimage.dll
0x00007fffb5f00000 - 0x00007fffb5f18000 	C:\Program Files\Android\Android Studio\jre\bin\zip.dll
0x00007fffc33d0000 - 0x00007fffc3b88000 	C:\WINDOWS\System32\SHELL32.dll
0x00007fffbfd10000 - 0x00007fffc0578000 	C:\WINDOWS\SYSTEM32\windows.storage.dll
0x00007fffc4110000 - 0x00007fffc4489000 	C:\WINDOWS\System32\combase.dll
0x00007fffbfba0000 - 0x00007fffbfd06000 	C:\WINDOWS\SYSTEM32\wintypes.dll
0x00007fffc2f70000 - 0x00007fffc305a000 	C:\WINDOWS\System32\SHCORE.dll
0x00007fffc3370000 - 0x00007fffc33cd000 	C:\WINDOWS\System32\shlwapi.dll
0x00007fffc1b10000 - 0x00007fffc1b31000 	C:\WINDOWS\SYSTEM32\profapi.dll
0x00007fffb5ee0000 - 0x00007fffb5efa000 	C:\Program Files\Android\Android Studio\jre\bin\net.dll
0x00007fffb66f0000 - 0x00007fffb67fc000 	C:\WINDOWS\SYSTEM32\WINHTTP.dll
0x00007fffc10c0000 - 0x00007fffc1127000 	C:\WINDOWS\system32\mswsock.dll
0x00007fffb5ec0000 - 0x00007fffb5ed4000 	C:\Program Files\Android\Android Studio\jre\bin\nio.dll
0x00007fffad6d0000 - 0x00007fffad6f7000 	C:\Users\Dimpal Vaghela\.gradle\native\8bec1ad78214c89d9ad589b4d07fe93259594b29d510b10fafb7a158f7737e5d\windows-amd64\native-platform.dll
0x00007fffa0e20000 - 0x00007fffa0f5d000 	C:\Users\Dimpal Vaghela\.gradle\native\53dbd7edfb1c66fb8903c78663c9afc45aea4f116125fa6feffd364cf09443e8\windows-amd64\native-platform-file-events.dll
0x00007fffb5370000 - 0x00007fffb537a000 	C:\Program Files\Android\Android Studio\jre\bin\management.dll
0x00007fffb4c00000 - 0x00007fffb4c0d000 	C:\Program Files\Android\Android Studio\jre\bin\management_ext.dll
0x00007fffc1390000 - 0x00007fffc13a8000 	C:\WINDOWS\SYSTEM32\CRYPTSP.dll
0x00007fffc0c00000 - 0x00007fffc0c35000 	C:\WINDOWS\system32\rsaenh.dll
0x00007fffc1160000 - 0x00007fffc1189000 	C:\WINDOWS\SYSTEM32\USERENV.dll
0x00007fffc1540000 - 0x00007fffc1567000 	C:\WINDOWS\SYSTEM32\bcrypt.dll
0x00007fffc12b0000 - 0x00007fffc12bc000 	C:\WINDOWS\SYSTEM32\CRYPTBASE.dll
0x00007fffc07c0000 - 0x00007fffc07ed000 	C:\WINDOWS\SYSTEM32\IPHLPAPI.DLL
0x00007fffc3f30000 - 0x00007fffc3f39000 	C:\WINDOWS\System32\NSI.dll
0x00007fffb6420000 - 0x00007fffb6439000 	C:\WINDOWS\SYSTEM32\dhcpcsvc6.DLL
0x00007fffb6540000 - 0x00007fffb655e000 	C:\WINDOWS\SYSTEM32\dhcpcsvc.DLL
0x00007fffc07f0000 - 0x00007fffc08d8000 	C:\WINDOWS\SYSTEM32\DNSAPI.dll
0x00007fffb4850000 - 0x00007fffb4877000 	C:\Program Files\Android\Android Studio\jre\bin\sunec.dll
0x00007fffb4a10000 - 0x00007fffb4a1a000 	C:\Windows\System32\rasadhlp.dll
0x00007fffb0730000 - 0x00007fffb07b1000 	C:\WINDOWS\System32\fwpuclnt.dll
0x00007fffbc440000 - 0x00007fffbc474000 	C:\WINDOWS\SYSTEM32\ntmarta.dll

dbghelp: loaded successfully - version: 4.0.5 - missing functions: none
symbol engine: initialized successfully - sym options: 0x614 - pdb path: .;C:\Program Files\Android\Android Studio\jre\bin;C:\WINDOWS\SYSTEM32;C:\WINDOWS\WinSxS\amd64_microsoft.windows.common-controls_6595b64144ccf1df_6.0.22000.120_none_9d947278b86cc467;C:\Program Files\Android\Android Studio\jre\bin\server;C:\Users\Dimpal Vaghela\.gradle\native\8bec1ad78214c89d9ad589b4d07fe93259594b29d510b10fafb7a158f7737e5d\windows-amd64;C:\Users\Dimpal Vaghela\.gradle\native\53dbd7edfb1c66fb8903c78663c9afc45aea4f116125fa6feffd364cf09443e8\windows-amd64

VM Arguments:
jvm_args: --add-opens=java.base/java.util=ALL-UNNAMED --add-opens=java.base/java.lang=ALL-UNNAMED --add-opens=java.base/java.lang.invoke=ALL-UNNAMED --add-opens=java.base/java.util=ALL-UNNAMED --add-opens=java.prefs/java.util.prefs=ALL-UNNAMED --add-opens=java.prefs/java.util.prefs=ALL-UNNAMED --add-opens=java.base/java.nio.charset=ALL-UNNAMED --add-opens=java.base/java.net=ALL-UNNAMED --add-opens=java.base/java.util.concurrent.atomic=ALL-UNNAMED -Xmx2048m -Dfile.encoding=UTF-8 -Duser.country=IN -Duser.language=en -Duser.variant 
java_command: org.gradle.launcher.daemon.bootstrap.GradleDaemon 7.0.2
java_class_path (initial): C:\Users\Dimpal Vaghela\.gradle\wrapper\dists\gradle-7.0.2-bin\857tjihv64xamwrf0h14cai3r\gradle-7.0.2\lib\gradle-launcher-7.0.2.jar
Launcher Type: SUN_STANDARD

[Global flags]
     intx CICompilerCount                          = 4                                         {product} {ergonomic}
     uint ConcGCThreads                            = 2                                         {product} {ergonomic}
     uint G1ConcRefinementThreads                  = 8                                         {product} {ergonomic}
   size_t G1HeapRegionSize                         = 1048576                                   {product} {ergonomic}
    uintx GCDrainStackTargetSize                   = 64                                        {product} {ergonomic}
   size_t InitialHeapSize                          = 266338304                                 {product} {ergonomic}
   size_t MarkStackSize                            = 4194304                                   {product} {ergonomic}
   size_t MaxHeapSize                              = 2147483648                                {product} {command line}
   size_t MaxNewSize                               = 1287651328                                {product} {ergonomic}
   size_t MinHeapDeltaBytes                        = 1048576                                   {product} {ergonomic}
    uintx NonNMethodCodeHeapSize                   = 5836300                                {pd product} {ergonomic}
    uintx NonProfiledCodeHeapSize                  = 122910970                              {pd product} {ergonomic}
    uintx ProfiledCodeHeapSize                     = 122910970                              {pd product} {ergonomic}
    uintx ReservedCodeCacheSize                    = 251658240                              {pd product} {ergonomic}
     bool SegmentedCodeCache                       = true                                      {product} {ergonomic}
     bool UseCompressedClassPointers               = true                                 {lp64_product} {ergonomic}
     bool UseCompressedOops                        = true                                 {lp64_product} {ergonomic}
     bool UseG1GC                                  = true                                      {product} {ergonomic}
     bool UseLargePagesIndividualAllocation        = false                                  {pd product} {ergonomic}

Logging:
Log output configuration:
 #0: stdout all=warning uptime,level,tags
 #1: stderr all=off uptime,level,tags

Environment Variables:
JAVA_HOME=C:\Program Files\Java\jdk-11.0.14
CLASSPATH=.;
PATH=C:\Python27\;C:\Python27\Scripts;C:\Program Files\Common Files\Oracle\Java\javapath;C:\WINDOWS\system32;C:\WINDOWS;C:\WINDOWS\System32\Wbem;C:\WINDOWS\System32\WindowsPowerShell\v1.0\;C:\WINDOWS\System32\OpenSSH\;C:\Program Files\Git\cmd;D:\Android\platform-tools;C:\ProgramData\chocolatey\bin;C:\Program Files\Java\jdk1.8.0_211\bin;C:\Program Files\nodejs\;C:\Users\Dimpal Vaghela\AppData\Local\Android\Sdk\platform-tools;C:\Users\Dimpal Vaghela\AppData\Local\Android\Sdk\tools;C:\Users\Dimpal Vaghela\AppData\Local\Android\Sdk\platform-tools;C:\Users\Dimpal Vaghela\AppData\Local\Android\Sdk\tools;C:\Users\Dimpal Vaghela\AppData\Local\Android\Sdk\platform-tools;C:\Users\Dimpal Vaghela\AppData\Local\Android\Sdk\tools;C:\Users\Dimpal Vaghela\AppData\Local\Android\Sdk\platform-tools;C:\Users\Dimpal Vaghela\AppData\Local\Android\Sdk\tools;C:\src\flutter\bin;C:\tools\dart-sdk\bin;C:\Users\Dimpal Vaghela\AppData\Local\Microsoft\WindowsApps;C:\Users\Dimpal Vaghela\AppData\Local\Programs\Microsoft VS Code\bin;C:\Users\Dimpal Vaghela\AppData\Local\GitHubDesktop\bin;C:\Users\Dimpal Vaghela\AppData\Roaming\npm;C:\Users\Dimpal Vaghela\AppData\Local\Programs\Hyper\resources\bin
USERNAME=Dimpal Vaghela
OS=Windows_NT
PROCESSOR_IDENTIFIER=Intel64 Family 6 Model 142 Stepping 12, GenuineIntel



---------------  S Y S T E M  ---------------

OS: Windows 10 , 64 bit Build 22000 (10.0.22000.708)
OS uptime: 0 days 2:24 hours
Hyper-V role detected

CPU:total 8 (initial active 8) (4 cores per cpu, 2 threads per core) family 6 model 142 stepping 12 microcode 0xde, cmov, cx8, fxsr, mmx, sse, sse2, sse3, ssse3, sse4.1, sse4.2, popcnt, avx, avx2, aes, clmul, erms, 3dnowpref, lzcnt, ht, tsc, tscinvbit, bmi1, bmi2, adx, fma

Memory: 4k page, system-wide physical 16159M (3391M free)
TotalPageFile size 23327M (AvailPageFile size 8508M)
current process WorkingSet (physical memory assigned to process): 641M, peak: 649M
current process commit charge ("private bytes"): 715M, peak: 722M

vm_info: OpenJDK 64-Bit Server VM (11.0.11+9-b60-7590822) for windows-amd64 JRE (11.0.11+9-b60-7590822), built on Jul 29 2021 21:43:44 by "builder" with MS VC++ 14.0 (VS2015)

END.
